#
# A fatal error has been detected by the Java Runtime Environment:
#
#  EXCEPTION_ACCESS_VIOLATION (0xc0000005) at pc=0x00000000703d9c84, pid=3400, tid=5188
#
# JRE version: Java(TM) SE Runtime Environment (7.0_67-b01) (build 1.7.0_67-b01)
# Java VM: Java HotSpot(TM) 64-Bit Server VM (24.65-b04 mixed mode windows-amd64 compressed oops)
# Problematic frame:
# C  [awt.dll+0xb9c84]
#
# Failed to write core dump. Minidumps are not enabled by default on client versions of Windows
#
# If you would like to submit a bug report, please visit:
#   http://bugreport.sun.com/bugreport/crash.jsp
# The crash happened outside the Java Virtual Machine in native code.
# See problematic frame for where to report the bug.
#

---------------  T H R E A D  ---------------

Current thread (0x000000000ca7a000):  JavaThread "AWT-EventQueue-0" [_thread_in_native, id=5188, stack(0x000000000e130000,0x000000000e230000)]

siginfo: ExceptionCode=0xc0000005, reading address 0x0000000000000008

Registers:
RAX=0x000000000000000d, RBX=0x000000000ca7a1e8, RCX=0x0000000000000000, RDX=0x0000000011011507
RSP=0x000000000e22c478, RBP=0x000000000ca7a1e8, RSI=0x0000000011330fd0, RDI=0x000000000c86b260
R8 =0x000000000e22c438, R9 =0x0000000000000005, R10=0x0000000000000000, R11=0x000000000e22c478
R12=0x0000000011011507, R13=0x0000000000000000, R14=0x000000000e22cc10, R15=0x000000000ca7a000
RIP=0x00000000703d9c84, EFLAGS=0x0000000000010202

Top of Stack: (sp=0x000000000e22c478)
0x000000000e22c478:   0000000070399d39 0000000000000000
0x000000000e22c488:   000000000ca7a1e8 000000000ca7a1e8
0x000000000e22c498:   0000000011330fd0 0000000000000000
0x000000000e22c4a8:   0000000011330fd0 000000000e22cc00
0x000000000e22c4b8:   000000007037a6b1 000000000ca7a1e8
0x000000000e22c4c8:   0000000000000000 000000000e22c501
0x000000000e22c4d8:   00000007818129b0 0000000011fdd7c0
0x000000000e22c4e8:   00000000703969a2 000000000e22cc00
0x000000000e22c4f8:   000000000e22c5f0 000000000ca7a1e8
0x000000000e22c508:   000000077cb2ae28 00000007802a5180
0x000000000e22c518:   000000077c94a430 0000000000000000
0x000000000e22c528:   000000000e22c5d8 000000000e22c628
0x000000000e22c538:   00000000026060f8 0000000000000000
0x000000000e22c548:   0000000000000000 0000000000000000
0x000000000e22c558:   0000000000000000 0000000000000001
0x000000000e22c568:   000000000e22cbf8 000000000ca7a1e8 

Instructions: (pc=0x00000000703d9c84)
0x00000000703d9c64:   5e 41 5d 41 5c 5f c3 cc 48 8b 41 08 48 05 00 04
0x00000000703d9c74:   00 00 c3 cc 48 8b 41 08 48 8b 80 18 0c 00 00 c3
0x00000000703d9c84:   48 8b 49 08 48 85 c9 74 05 e9 e2 69 fe ff 33 c0
0x00000000703d9c94:   c3 cc cc cc 48 83 ec 28 48 8b 49 08 48 85 c9 74 


Register to memory mapping:

RAX=0x000000000000000d is an unknown value
RBX=0x000000000ca7a1e8 is an unknown value
RCX=0x0000000000000000 is an unknown value
RDX=0x0000000011011507 is an unknown value
RSP=0x000000000e22c478 is pointing into the stack for thread: 0x000000000ca7a000
RBP=0x000000000ca7a1e8 is an unknown value
RSI=0x0000000011330fd0 is an unknown value
RDI=0x000000000c86b260 is an unknown value
R8 =0x000000000e22c438 is pointing into the stack for thread: 0x000000000ca7a000
R9 =0x0000000000000005 is an unknown value
R10=0x0000000000000000 is an unknown value
R11=0x000000000e22c478 is pointing into the stack for thread: 0x000000000ca7a000
R12=0x0000000011011507 is an unknown value
R13=0x0000000000000000 is an unknown value
R14=0x000000000e22cc10 is pointing into the stack for thread: 0x000000000ca7a000
R15=0x000000000ca7a000 is a thread


Stack: [0x000000000e130000,0x000000000e230000],  sp=0x000000000e22c478,  free space=1009k
Native frames: (J=compiled Java code, j=interpreted, Vv=VM code, C=native code)
C  [awt.dll+0xb9c84]

Java frames: (J=compiled Java code, j=interpreted, Vv=VM code)
j  sun.java2d.windows.GDIBlitLoops.nativeBlit(Lsun/java2d/SurfaceData;Lsun/java2d/SurfaceData;Lsun/java2d/pipe/Region;IIIIIIIIIZ)V+0
j  sun.java2d.windows.GDIBlitLoops.Blit(Lsun/java2d/SurfaceData;Lsun/java2d/SurfaceData;Ljava/awt/Composite;Lsun/java2d/pipe/Region;IIIIII)V+33
J 2399 C2 sun.java2d.pipe.DrawImage.renderImageCopy(Lsun/java2d/SunGraphics2D;Ljava/awt/Image;Ljava/awt/Color;IIIIII)Z (149 bytes) @ 0x0000000002b88ae0 [0x0000000002b88780+0x360]
J 2403 C2 sun.java2d.pipe.DrawImage.copyImage(Lsun/java2d/SunGraphics2D;Ljava/awt/Image;IILjava/awt/Color;)Z (105 bytes) @ 0x0000000002c26230 [0x0000000002c26160+0xd0]
j  sun.java2d.pipe.DrawImage.copyImage(Lsun/java2d/SunGraphics2D;Ljava/awt/Image;IILjava/awt/Color;Ljava/awt/image/ImageObserver;)Z+15
J 2097 C2 sun.java2d.SunGraphics2D.drawImage(Ljava/awt/Image;IILjava/awt/Color;Ljava/awt/image/ImageObserver;)Z (144 bytes) @ 0x0000000002b342b4 [0x0000000002b34140+0x174]
j  sun.java2d.SunGraphics2D.drawImage(Ljava/awt/Image;IILjava/awt/image/ImageObserver;)Z+7
j  javax.swing.RepaintManager$PaintManager.paintDoubleBuffered(Ljavax/swing/JComponent;Ljava/awt/Image;Ljava/awt/Graphics;IIII)V+242
j  javax.swing.RepaintManager$PaintManager.paint(Ljavax/swing/JComponent;Ljavax/swing/JComponent;Ljava/awt/Graphics;IIII)Z+116
j  javax.swing.BufferStrategyPaintManager.paint(Ljavax/swing/JComponent;Ljavax/swing/JComponent;Ljava/awt/Graphics;IIII)Z+224
j  javax.swing.RepaintManager.paint(Ljavax/swing/JComponent;Ljavax/swing/JComponent;Ljava/awt/Graphics;IIII)V+52
j  javax.swing.JComponent.paint(Ljava/awt/Graphics;)V+221
j  java.awt.GraphicsCallback$PaintCallback.run(Ljava/awt/Component;Ljava/awt/Graphics;)V+2
j  sun.awt.SunGraphicsCallback.runOneComponent(Ljava/awt/Component;Ljava/awt/Rectangle;Ljava/awt/Graphics;Ljava/awt/Shape;I)V+155
j  sun.awt.SunGraphicsCallback.runComponents([Ljava/awt/Component;Ljava/awt/Graphics;I)V+194
j  java.awt.Container.paint(Ljava/awt/Graphics;)V+58
j  java.awt.Window.paint(Ljava/awt/Graphics;)V+68
j  javax.swing.RepaintManager$3.run()Ljava/lang/Void;+136
j  javax.swing.RepaintManager$3.run()Ljava/lang/Object;+1
v  ~StubRoutines::call_stub
J 2387  java.security.AccessController.doPrivileged(Ljava/security/PrivilegedAction;Ljava/security/AccessControlContext;)Ljava/lang/Object; (0 bytes) @ 0x0000000002b44086 [0x0000000002b44020+0x66]
J 2409 C2 java.security.ProtectionDomain$1.doIntersectionPrivilege(Ljava/security/PrivilegedAction;Ljava/security/AccessControlContext;Ljava/security/AccessControlContext;)Ljava/lang/Object; (32 bytes) @ 0x0000000002b86b48 [0x0000000002b86a80+0xc8]
j  javax.swing.RepaintManager.paintDirtyRegions(Ljava/util/Map;)V+154
j  javax.swing.RepaintManager.paintDirtyRegions()V+46
j  javax.swing.RepaintManager.prePaintDirtyRegions()V+73
j  javax.swing.RepaintManager.access$1100(Ljavax/swing/RepaintManager;)V+1
j  javax.swing.RepaintManager$ProcessingRunnable.run()V+37
j  java.awt.event.InvocationEvent.dispatch()V+47
j  java.awt.EventQueue.dispatchEventImpl(Ljava/awt/AWTEvent;Ljava/lang/Object;)V+21
j  java.awt.EventQueue.access$200(Ljava/awt/EventQueue;Ljava/awt/AWTEvent;Ljava/lang/Object;)V+3
j  java.awt.EventQueue$3.run()Ljava/lang/Void;+12
j  java.awt.EventQueue$3.run()Ljava/lang/Object;+1
v  ~StubRoutines::call_stub
J 2387  java.security.AccessController.doPrivileged(Ljava/security/PrivilegedAction;Ljava/security/AccessControlContext;)Ljava/lang/Object; (0 bytes) @ 0x0000000002b44086 [0x0000000002b44020+0x66]
J 2409 C2 java.security.ProtectionDomain$1.doIntersectionPrivilege(Ljava/security/PrivilegedAction;Ljava/security/AccessControlContext;Ljava/security/AccessControlContext;)Ljava/lang/Object; (32 bytes) @ 0x0000000002b86b48 [0x0000000002b86a80+0xc8]
j  java.awt.EventQueue.dispatchEvent(Ljava/awt/AWTEvent;)V+46
j  java.awt.EventDispatchThread.pumpOneEventForFilters(I)V+245
j  java.awt.EventDispatchThread.pumpEventsForFilter(ILjava/awt/Conditional;Ljava/awt/EventFilter;)V+35
j  java.awt.EventDispatchThread.pumpEventsForHierarchy(ILjava/awt/Conditional;Ljava/awt/Component;)V+11
j  java.awt.EventDispatchThread.pumpEvents(ILjava/awt/Conditional;)V+4
j  java.awt.EventDispatchThread.pumpEvents(Ljava/awt/Conditional;)V+3
j  java.awt.EventDispatchThread.run()V+9
v  ~StubRoutines::call_stub

---------------  P R O C E S S  ---------------

Java Threads: ( => current thread )
  0x0000000010d36000 JavaThread "Swing-Shell" daemon [_thread_blocked, id=1216, stack(0x00000000166c0000,0x00000000167c0000)]
  0x0000000010d34800 JavaThread "DestroyJavaVM" [_thread_blocked, id=1108, stack(0x0000000002500000,0x0000000002600000)]
  0x0000000010d34000 JavaThread "UpdateQueue-autosave-queue" daemon [_thread_blocked, id=3084, stack(0x0000000016280000,0x0000000016380000)]
  0x0000000010d33000 JavaThread "ProgressThread" daemon [_thread_blocked, id=4124, stack(0x0000000016420000,0x0000000016520000)]
  0x0000000010d32800 JavaThread "UpdateQueue-MetaDataValidation" daemon [_thread_blocked, id=4080, stack(0x0000000016040000,0x0000000016140000)]
  0x0000000010d31000 JavaThread "UpdateQueue-macro_viewer" daemon [_thread_blocked, id=3496, stack(0x0000000014d60000,0x0000000014e60000)]
  0x0000000010d30000 JavaThread "RemoteProcess-Updater" daemon [_thread_blocked, id=648, stack(0x0000000014c40000,0x0000000014d40000)]
  0x0000000010d2f800 JavaThread "UpdateQueue-documentation_update_queue" daemon [_thread_blocked, id=4384, stack(0x0000000010d70000,0x0000000010e70000)]
  0x0000000010d2e800 JavaThread "UpdateQueue-ResultDisplayDataTableViewUpdater" daemon [_thread_blocked, id=4644, stack(0x0000000010f10000,0x0000000011010000)]
  0x0000000010d2e000 JavaThread "SwingWorker-pool-1-thread-1" daemon [_thread_blocked, id=2612, stack(0x0000000011100000,0x0000000011200000)]
  0x000000000ef9c800 JavaThread "Abandoned connection cleanup thread" daemon [_thread_blocked, id=3812, stack(0x000000000fc90000,0x000000000fd90000)]
=>0x000000000ca7a000 JavaThread "AWT-EventQueue-0" [_thread_in_native, id=5188, stack(0x000000000e130000,0x000000000e230000)]
  0x000000000ca79800 JavaThread "TimerQueue" daemon [_thread_blocked, id=3560, stack(0x000000000def0000,0x000000000dff0000)]
  0x000000000ca9c000 JavaThread "AWT-Windows" daemon [_thread_in_native, id=5592, stack(0x000000000dc20000,0x000000000dd20000)]
  0x000000000d218000 JavaThread "AWT-Shutdown" [_thread_blocked, id=1876, stack(0x000000000daf0000,0x000000000dbf0000)]
  0x000000000d217800 JavaThread "Java2D Disposer" daemon [_thread_blocked, id=4436, stack(0x000000000d9a0000,0x000000000daa0000)]
  0x000000000aa44000 JavaThread "Service Thread" daemon [_thread_blocked, id=4568, stack(0x000000000c5a0000,0x000000000c6a0000)]
  0x000000000aa3a000 JavaThread "C2 CompilerThread1" daemon [_thread_blocked, id=3664, stack(0x000000000c3c0000,0x000000000c4c0000)]
  0x000000000aa35000 JavaThread "C2 CompilerThread0" daemon [_thread_blocked, id=4812, stack(0x000000000c220000,0x000000000c320000)]
  0x000000000aa30000 JavaThread "Attach Listener" daemon [_thread_blocked, id=2704, stack(0x000000000c0a0000,0x000000000c1a0000)]
  0x000000000aa28800 JavaThread "Signal Dispatcher" daemon [_thread_blocked, id=5316, stack(0x000000000bef0000,0x000000000bff0000)]
  0x000000000a9d7800 JavaThread "Finalizer" daemon [_thread_blocked, id=6116, stack(0x000000000b980000,0x000000000ba80000)]
  0x000000000a9d0000 JavaThread "Reference Handler" daemon [_thread_blocked, id=5052, stack(0x000000000bd10000,0x000000000be10000)]

Other Threads:
  0x000000000a9ca800 VMThread [stack: 0x000000000bb20000,0x000000000bc20000] [id=2092]
  0x000000000aa4f800 WatcherThread [stack: 0x000000000cb40000,0x000000000cc40000] [id=4816]

VM state:not at safepoint (normal execution)

VM Mutex/Monitor currently owned by a thread: None

Heap
 PSYoungGen      total 301568K, used 213490K [0x00000007d5c80000, 0x00000007ebc00000, 0x0000000800000000)
  eden space 272896K, 74% used [0x00000007d5c80000,0x00000007e231d200,0x00000007e6700000)
  from space 28672K, 35% used [0x00000007e9200000,0x00000007e9bdf958,0x00000007eae00000)
  to   space 43520K, 0% used [0x00000007e6700000,0x00000007e6700000,0x00000007e9180000)
 ParOldGen       total 169472K, used 97024K [0x0000000781600000, 0x000000078bb80000, 0x00000007d5c80000)
  object space 169472K, 57% used [0x0000000781600000,0x00000007874c00c8,0x000000078bb80000)
 PSPermGen       total 83968K, used 64398K [0x000000077c400000, 0x0000000781600000, 0x0000000781600000)
  object space 83968K, 76% used [0x000000077c400000,0x00000007802e3aa8,0x0000000781600000)

Card table byte_map: [0x0000000005600000,0x0000000005a20000] byte_map_base: 0x0000000001a1e000

Polling page: 0x0000000000220000

Code Cache  [0x0000000002600000, 0x0000000002c60000, 0x0000000005600000)
 total_blobs=2960 nmethods=2198 adapters=713 free_code_cache=42771Kb largest_free_block=43695744

Compilation events (10 events):
Event: 1478.827 Thread 0x000000000aa35000 2430             java.util.concurrent.locks.AbstractQueuedSynchronizer$ConditionObject::await (98 bytes)
Event: 1478.866 Thread 0x000000000aa35000 nmethod 2430 0x0000000002b82a90 code [0x0000000002b82c80, 0x0000000002b83630]
Event: 1598.016 Thread 0x000000000aa3a000 2431   !         java.awt.EventQueue::getNextEvent (84 bytes)
Event: 1598.076 Thread 0x000000000aa3a000 nmethod 2431 0x0000000002c3c850 code [0x0000000002c3cae0, 0x0000000002c3e018]
Event: 1655.152 Thread 0x000000000aa35000 2432             javax.swing.text.html.StyleSheet::removeHTMLTags (85 bytes)
Event: 1655.153 Thread 0x000000000aa3a000 2433             sun.java2d.SunGraphics2D::create (8 bytes)
Event: 1655.158 Thread 0x000000000aa3a000 nmethod 2433 0x0000000002b81b90 code [0x0000000002b81d00, 0x0000000002b82028]
Event: 1655.158 Thread 0x000000000aa3a000 2434   !         sun.java2d.SunGraphics2D::clone (114 bytes)
Event: 1655.164 Thread 0x000000000aa35000 nmethod 2432 0x0000000002c52f10 code [0x0000000002c53100, 0x0000000002c539d0]
Event: 1655.164 Thread 0x000000000aa3a000 nmethod 2434 0x0000000002c403d0 code [0x0000000002c40540, 0x0000000002c40868]

GC Heap History (10 events):
Event: 25.242 GC heap before
{Heap before GC invocations=13 (full 0):
 PSYoungGen      total 214016K, used 191790K [0x00000007d5c80000, 0x00000007e4a00000, 0x0000000800000000)
  eden space 186368K, 100% used [0x00000007d5c80000,0x00000007e1280000,0x00000007e1280000)
  from space 27648K, 19% used [0x00000007e2e00000,0x00000007e334baa0,0x00000007e4900000)
  to   space 28160K, 0% used [0x00000007e1280000,0x00000007e1280000,0x00000007e2e00000)
 ParOldGen       total 86016K, used 65626K [0x0000000781600000, 0x0000000786a00000, 0x00000007d5c80000)
  object space 86016K, 76% used [0x0000000781600000,0x00000007856169c0,0x0000000786a00000)
 PSPermGen       total 62464K, used 62302K [0x000000077c400000, 0x0000000780100000, 0x0000000781600000)
  object space 62464K, 99% used [0x000000077c400000,0x00000007800d7af8,0x0000000780100000)
Event: 25.256 GC heap after
Heap after GC invocations=13 (full 0):
 PSYoungGen      total 214528K, used 21888K [0x00000007d5c80000, 0x00000007eba00000, 0x0000000800000000)
  eden space 186368K, 0% used [0x00000007d5c80000,0x00000007d5c80000,0x00000007e1280000)
  from space 28160K, 77% used [0x00000007e1280000,0x00000007e27e0208,0x00000007e2e00000)
  to   space 29696K, 0% used [0x00000007e9d00000,0x00000007e9d00000,0x00000007eba00000)
 ParOldGen       total 86016K, used 67476K [0x0000000781600000, 0x0000000786a00000, 0x00000007d5c80000)
  object space 86016K, 78% used [0x0000000781600000,0x00000007857e5258,0x0000000786a00000)
 PSPermGen       total 62464K, used 62302K [0x000000077c400000, 0x0000000780100000, 0x0000000781600000)
  object space 62464K, 99% used [0x000000077c400000,0x00000007800d7af8,0x0000000780100000)
}
Event: 29.553 GC heap before
{Heap before GC invocations=14 (full 0):
 PSYoungGen      total 214528K, used 208256K [0x00000007d5c80000, 0x00000007eba00000, 0x0000000800000000)
  eden space 186368K, 100% used [0x00000007d5c80000,0x00000007e1280000,0x00000007e1280000)
  from space 28160K, 77% used [0x00000007e1280000,0x00000007e27e0208,0x00000007e2e00000)
  to   space 29696K, 0% used [0x00000007e9d00000,0x00000007e9d00000,0x00000007eba00000)
 ParOldGen       total 86016K, used 67476K [0x0000000781600000, 0x0000000786a00000, 0x00000007d5c80000)
  object space 86016K, 78% used [0x0000000781600000,0x00000007857e5258,0x0000000786a00000)
 PSPermGen       total 62976K, used 62548K [0x000000077c400000, 0x0000000780180000, 0x0000000781600000)
  object space 62976K, 99% used [0x000000077c400000,0x0000000780115238,0x0000000780180000)
Event: 29.565 GC heap after
Heap after GC invocations=14 (full 0):
 PSYoungGen      total 328192K, used 5017K [0x00000007d5c80000, 0x00000007eba00000, 0x0000000800000000)
  eden space 298496K, 0% used [0x00000007d5c80000,0x00000007d5c80000,0x00000007e8000000)
  from space 29696K, 16% used [0x00000007e9d00000,0x00000007ea1e6690,0x00000007eba00000)
  to   space 29696K, 0% used [0x00000007e8000000,0x00000007e8000000,0x00000007e9d00000)
 ParOldGen       total 86016K, used 68684K [0x0000000781600000, 0x0000000786a00000, 0x00000007d5c80000)
  object space 86016K, 79% used [0x0000000781600000,0x0000000785913278,0x0000000786a00000)
 PSPermGen       total 62976K, used 62548K [0x000000077c400000, 0x0000000780180000, 0x0000000781600000)
  object space 62976K, 99% used [0x000000077c400000,0x0000000780115238,0x0000000780180000)
}
Event: 43.002 GC heap before
{Heap before GC invocations=15 (full 0):
 PSYoungGen      total 328192K, used 303513K [0x00000007d5c80000, 0x00000007eba00000, 0x0000000800000000)
  eden space 298496K, 100% used [0x00000007d5c80000,0x00000007e8000000,0x00000007e8000000)
  from space 29696K, 16% used [0x00000007e9d00000,0x00000007ea1e6690,0x00000007eba00000)
  to   space 29696K, 0% used [0x00000007e8000000,0x00000007e8000000,0x00000007e9d00000)
 ParOldGen       total 86016K, used 68684K [0x0000000781600000, 0x0000000786a00000, 0x00000007d5c80000)
  object space 86016K, 79% used [0x0000000781600000,0x0000000785913278,0x0000000786a00000)
 PSPermGen       total 62976K, used 62934K [0x000000077c400000, 0x0000000780180000, 0x0000000781600000)
  object space 62976K, 99% used [0x000000077c400000,0x0000000780175a98,0x0000000780180000)
Event: 43.020 GC heap after
Heap after GC invocations=15 (full 0):
 PSYoungGen      total 303616K, used 18391K [0x00000007d5c80000, 0x00000007eae00000, 0x0000000800000000)
  eden space 285184K, 0% used [0x00000007d5c80000,0x00000007d5c80000,0x00000007e7300000)
  from space 18432K, 99% used [0x00000007e8000000,0x00000007e91f5dc0,0x00000007e9200000)
  to   space 28672K, 0% used [0x00000007e9200000,0x00000007e9200000,0x00000007eae00000)
 ParOldGen       total 86016K, used 71564K [0x0000000781600000, 0x0000000786a00000, 0x00000007d5c80000)
  object space 86016K, 83% used [0x0000000781600000,0x0000000785be3038,0x0000000786a00000)
 PSPermGen       total 62976K, used 62934K [0x000000077c400000, 0x0000000780180000, 0x0000000781600000)
  object space 62976K, 99% used [0x000000077c400000,0x0000000780175a98,0x0000000780180000)
}
Event: 47.825 GC heap before
{Heap before GC invocations=16 (full 0):
 PSYoungGen      total 303616K, used 303575K [0x00000007d5c80000, 0x00000007eae00000, 0x0000000800000000)
  eden space 285184K, 100% used [0x00000007d5c80000,0x00000007e7300000,0x00000007e7300000)
  from space 18432K, 99% used [0x00000007e8000000,0x00000007e91f5dc0,0x00000007e9200000)
  to   space 28672K, 0% used [0x00000007e9200000,0x00000007e9200000,0x00000007eae00000)
 ParOldGen       total 86016K, used 71564K [0x0000000781600000, 0x0000000786a00000, 0x00000007d5c80000)
  object space 86016K, 83% used [0x0000000781600000,0x0000000785be3038,0x0000000786a00000)
 PSPermGen       total 64512K, used 64194K [0x000000077c400000, 0x0000000780300000, 0x0000000781600000)
  object space 64512K, 99% used [0x000000077c400000,0x00000007802b09e8,0x0000000780300000)
Event: 47.855 GC heap after
Heap after GC invocations=16 (full 0):
 PSYoungGen      total 301568K, used 28645K [0x00000007d5c80000, 0x00000007ebc00000, 0x0000000800000000)
  eden space 272896K, 0% used [0x00000007d5c80000,0x00000007d5c80000,0x00000007e6700000)
  from space 28672K, 99% used [0x00000007e9200000,0x00000007eadf9798,0x00000007eae00000)
  to   space 43520K, 0% used [0x00000007e6700000,0x00000007e6700000,0x00000007e9180000)
 ParOldGen       total 98816K, used 97275K [0x0000000781600000, 0x0000000787680000, 0x00000007d5c80000)
  object space 98816K, 98% used [0x0000000781600000,0x00000007874fecc8,0x0000000787680000)
 PSPermGen       total 64512K, used 64194K [0x000000077c400000, 0x0000000780300000, 0x0000000781600000)
  object space 64512K, 99% used [0x000000077c400000,0x00000007802b09e8,0x0000000780300000)
}
Event: 47.856 GC heap before
{Heap before GC invocations=17 (full 1):
 PSYoungGen      total 301568K, used 28645K [0x00000007d5c80000, 0x00000007ebc00000, 0x0000000800000000)
  eden space 272896K, 0% used [0x00000007d5c80000,0x00000007d5c80000,0x00000007e6700000)
  from space 28672K, 99% used [0x00000007e9200000,0x00000007eadf9798,0x00000007eae00000)
  to   space 43520K, 0% used [0x00000007e6700000,0x00000007e6700000,0x00000007e9180000)
 ParOldGen       total 98816K, used 97275K [0x0000000781600000, 0x0000000787680000, 0x00000007d5c80000)
  object space 98816K, 98% used [0x0000000781600000,0x00000007874fecc8,0x0000000787680000)
 PSPermGen       total 64512K, used 64194K [0x000000077c400000, 0x0000000780300000, 0x0000000781600000)
  object space 64512K, 99% used [0x000000077c400000,0x00000007802b09e8,0x0000000780300000)
Event: 48.262 GC heap after
Heap after GC invocations=17 (full 1):
 PSYoungGen      total 301568K, used 10110K [0x00000007d5c80000, 0x00000007ebc00000, 0x0000000800000000)
  eden space 272896K, 0% used [0x00000007d5c80000,0x00000007d5c80000,0x00000007e6700000)
  from space 28672K, 35% used [0x00000007e9200000,0x00000007e9bdf958,0x00000007eae00000)
  to   space 43520K, 0% used [0x00000007e6700000,0x00000007e6700000,0x00000007e9180000)
 ParOldGen       total 169472K, used 97024K [0x0000000781600000, 0x000000078bb80000, 0x00000007d5c80000)
  object space 169472K, 57% used [0x0000000781600000,0x00000007874c00c8,0x000000078bb80000)
 PSPermGen       total 83968K, used 64162K [0x000000077c400000, 0x0000000781600000, 0x0000000781600000)
  object space 83968K, 76% used [0x000000077c400000,0x00000007802a8868,0x0000000781600000)
}

Deoptimization events (10 events):
Event: 51.312 Thread 0x000000000ca7a000 Uncommon trap: reason=class_check action=maybe_recompile pc=0x0000000002843944 method=java.awt.Container.findComponentAtImpl(IIZ)Ljava/awt/Component; @ 76
Event: 51.314 Thread 0x000000000ca7a000 Uncommon trap: reason=class_check action=maybe_recompile pc=0x0000000002843944 method=java.awt.Container.findComponentAtImpl(IIZ)Ljava/awt/Component; @ 76
Event: 51.314 Thread 0x000000000ca7a000 Uncommon trap: reason=class_check action=maybe_recompile pc=0x00000000028c1ea0 method=java.awt.Container.getMouseEventTargetImpl(IIZLjava/awt/Container$EventTargetFilter;ZZ)Ljava/awt/Component; @ 64
Event: 349.316 Thread 0x000000000ca7a000 Uncommon trap: reason=bimorphic action=maybe_recompile pc=0x0000000002b14240 method=java.util.Collections$UnmodifiableList.get(I)Ljava/lang/Object; @ 5
Event: 349.317 Thread 0x000000000ca7a000 Uncommon trap: reason=null_check action=make_not_entrant pc=0x0000000002bf6ba4 method=javax.swing.text.html.StyleSheet.getResolvedStyle(Ljava/lang/String;Ljava/util/Vector;Ljavax/swing/text/html/HTML$Tag;)Ljavax/swing/text/Style; @ 8
Event: 1654.902 Thread 0x000000000ca7a000 Uncommon trap: reason=bimorphic action=maybe_recompile pc=0x0000000002b313bc method=java.util.HashMap.putAllForCreate(Ljava/util/Map;)V @ 22
Event: 1654.920 Thread 0x000000000ca7a000 Uncommon trap: reason=bimorphic action=maybe_recompile pc=0x0000000002b313bc method=java.util.HashMap.putAllForCreate(Ljava/util/Map;)V @ 22
Event: 1654.929 Thread 0x000000000ca7a000 Uncommon trap: reason=bimorphic action=maybe_recompile pc=0x0000000002b313bc method=java.util.HashMap.putAllForCreate(Ljava/util/Map;)V @ 22
Event: 1654.929 Thread 0x000000000ca7a000 Uncommon trap: reason=bimorphic action=maybe_recompile pc=0x0000000002b313bc method=java.util.HashMap.putAllForCreate(Ljava/util/Map;)V @ 22
Event: 1657.636 Thread 0x000000000ca7a000 Uncommon trap: reason=null_check action=make_not_entrant pc=0x0000000002c53864 method=javax.swing.text.html.HTML.getTagForStyleConstantsKey(Ljavax/swing/text/StyleConstants;)Ljavax/swing/text/html/HTML$Tag; @ 7

Internal exceptions (10 events):
Event: 43.325 Thread 0x000000000ca7a000 Threw 0x00000007d7397298 at C:\re\jdk7u67\1368\hotspot\src\share\vm\prims\jvm.cpp:1244
Event: 43.326 Thread 0x000000000ca7a000 Threw 0x00000007d739bc60 at C:\re\jdk7u67\1368\hotspot\src\share\vm\prims\jvm.cpp:1244
Event: 43.326 Thread 0x000000000ca7a000 Threw 0x00000007d73a3df8 at C:\re\jdk7u67\1368\hotspot\src\share\vm\prims\jvm.cpp:1244
Event: 47.812 Thread 0x0000000010d31800 Threw 0x00000007e55aecb8 at C:\re\jdk7u67\1368\hotspot\src\share\vm\prims\jvm.cpp:1244
Event: 47.813 Thread 0x0000000010d31800 Threw 0x00000007e55b0e08 at C:\re\jdk7u67\1368\hotspot\src\share\vm\prims\jvm.cpp:1244
Event: 48.282 Thread 0x000000000a9d7800 Threw 0x00000007d6802e20 at C:\re\jdk7u67\1368\hotspot\src\share\vm\interpreter\linkResolver.cpp:883
Event: 48.326 Thread 0x000000000ca7a000 Implicit null exception at 0x0000000002b6b001 to 0x0000000002b6cf91
Event: 51.307 Thread 0x000000000ca7a000 Threw 0x00000007dc622870 at C:\re\jdk7u67\1368\hotspot\src\share\vm\prims\jvm.cpp:1244
Event: 349.317 Thread 0x000000000ca7a000 Implicit null exception at 0x0000000002bf4d5b to 0x0000000002bf6b8d
Event: 1657.636 Thread 0x000000000ca7a000 Implicit null exception at 0x0000000002c5334c to 0x0000000002c53855

Events (10 events):
Event: 1654.920 Thread 0x000000000ca7a000 DEOPT UNPACKING pc=0x00000000026375a4 sp=0x000000000e22e1d8 mode 2
Event: 1654.929 Thread 0x000000000ca7a000 Uncommon trap: trap_request=0xffffffc6 fr.pc=0x0000000002b313bc
Event: 1654.929 Thread 0x000000000ca7a000 DEOPT PACKING pc=0x0000000002b313bc sp=0x000000000e22e210
Event: 1654.929 Thread 0x000000000ca7a000 DEOPT UNPACKING pc=0x00000000026375a4 sp=0x000000000e22e1d8 mode 2
Event: 1654.929 Thread 0x000000000ca7a000 Uncommon trap: trap_request=0xffffffc6 fr.pc=0x0000000002b313bc
Event: 1654.929 Thread 0x000000000ca7a000 DEOPT PACKING pc=0x0000000002b313bc sp=0x000000000e22e270
Event: 1654.929 Thread 0x000000000ca7a000 DEOPT UNPACKING pc=0x00000000026375a4 sp=0x000000000e22e238 mode 2
Event: 1657.636 Thread 0x000000000ca7a000 Uncommon trap: trap_request=0xfffffff4 fr.pc=0x0000000002c53864
Event: 1657.636 Thread 0x000000000ca7a000 DEOPT PACKING pc=0x0000000002c53864 sp=0x000000000e22a3c0
Event: 1657.636 Thread 0x000000000ca7a000 DEOPT UNPACKING pc=0x00000000026375a4 sp=0x000000000e22a338 mode 2


Dynamic libraries:
0x000000013f7a0000 - 0x000000013f7d3000 	C:\Program Files\Java\jdk1.7.0_67\bin\javaw.exe
0x0000000076ef0000 - 0x0000000077099000 	C:\Windows\SYSTEM32\ntdll.dll
0x0000000076dd0000 - 0x0000000076eef000 	C:\Windows\system32\kernel32.dll
0x000007fefcf20000 - 0x000007fefcf8c000 	C:\Windows\system32\KERNELBASE.dll
0x000007feff120000 - 0x000007feff1fb000 	C:\Windows\system32\ADVAPI32.dll
0x000007fefe710000 - 0x000007fefe7af000 	C:\Windows\system32\msvcrt.dll
0x000007fefd3a0000 - 0x000007fefd3bf000 	C:\Windows\SYSTEM32\sechost.dll
0x000007fefd3c0000 - 0x000007fefd4ed000 	C:\Windows\system32\RPCRT4.dll
0x0000000076cd0000 - 0x0000000076dca000 	C:\Windows\system32\USER32.dll
0x000007fefd200000 - 0x000007fefd267000 	C:\Windows\system32\GDI32.dll
0x000007fefd110000 - 0x000007fefd11e000 	C:\Windows\system32\LPK.dll
0x000007fefd4f0000 - 0x000007fefd5b9000 	C:\Windows\system32\USP10.dll
0x000007fefb1c0000 - 0x000007fefb3b4000 	C:\Windows\WinSxS\amd64_microsoft.windows.common-controls_6595b64144ccf1df_6.0.7601.18807_none_fa381d5f175bfb52\COMCTL32.dll
0x000007fefe690000 - 0x000007fefe701000 	C:\Windows\system32\SHLWAPI.dll
0x000007fefe660000 - 0x000007fefe68e000 	C:\Windows\system32\IMM32.DLL
0x000007fefd270000 - 0x000007fefd379000 	C:\Windows\system32\MSCTF.dll
0x00000000704c0000 - 0x0000000070592000 	C:\Program Files\Java\jdk1.7.0_67\jre\bin\msvcr100.dll
0x00000000562b0000 - 0x0000000056a82000 	C:\Program Files\Java\jdk1.7.0_67\jre\bin\server\jvm.dll
0x000007fef71c0000 - 0x000007fef71c9000 	C:\Windows\system32\WSOCK32.dll
0x000007fefe3c0000 - 0x000007fefe40d000 	C:\Windows\system32\WS2_32.dll
0x000007fefe3b0000 - 0x000007fefe3b8000 	C:\Windows\system32\NSI.dll
0x000007fef9b00000 - 0x000007fef9b3b000 	C:\Windows\system32\WINMM.dll
0x00000000770b0000 - 0x00000000770b7000 	C:\Windows\system32\PSAPI.DLL
0x00000000746c0000 - 0x00000000746cf000 	C:\Program Files\Java\jdk1.7.0_67\jre\bin\verify.dll
0x000000006fdb0000 - 0x000000006fdd8000 	C:\Program Files\Java\jdk1.7.0_67\jre\bin\java.dll
0x00000000745e0000 - 0x00000000745f5000 	C:\Program Files\Java\jdk1.7.0_67\jre\bin\zip.dll
0x000000006fd90000 - 0x000000006fda9000 	C:\Program Files\Java\jdk1.7.0_67\jre\bin\net.dll
0x000007fefc490000 - 0x000007fefc4e5000 	C:\Windows\system32\mswsock.dll
0x000007fefc480000 - 0x000007fefc487000 	C:\Windows\System32\wship6.dll
0x0000000061150000 - 0x0000000061161000 	C:\Program Files\Java\jdk1.7.0_67\jre\bin\nio.dll
0x0000000070320000 - 0x00000000704b5000 	C:\Program Files\Java\jdk1.7.0_67\jre\bin\awt.dll
0x000007fefd120000 - 0x000007fefd1f7000 	C:\Windows\system32\OLEAUT32.dll
0x000007fefeba0000 - 0x000007fefeda3000 	C:\Windows\system32\ole32.dll
0x000007fefa1d0000 - 0x000007fefa226000 	C:\Windows\system32\uxtheme.dll
0x000007fef9df0000 - 0x000007fef9e08000 	C:\Windows\system32\dwmapi.dll
0x000007fefcb50000 - 0x000007fefcb5f000 	C:\Windows\system32\CRYPTBASE.dll
0x000007fefd620000 - 0x000007fefe3a9000 	C:\Windows\system32\SHELL32.dll
0x000007fefc4f0000 - 0x000007fefc508000 	C:\Windows\system32\CRYPTSP.dll
0x000007fefc1f0000 - 0x000007fefc237000 	C:\Windows\system32\rsaenh.dll
0x000007fefced0000 - 0x000007fefceee000 	C:\Windows\system32\USERENV.dll
0x000007fefccb0000 - 0x000007fefccbf000 	C:\Windows\system32\profapi.dll
0x000007fefaf90000 - 0x000007fefafb7000 	C:\Windows\system32\IPHLPAPI.DLL
0x000007fefaf80000 - 0x000007fefaf8b000 	C:\Windows\system32\WINNSI.DLL
0x000007fefad70000 - 0x000007fefad81000 	C:\Windows\system32\dhcpcsvc6.DLL
0x000007fefad90000 - 0x000007fefada8000 	C:\Windows\system32\dhcpcsvc.DLL
0x0000000071840000 - 0x0000000071887000 	C:\Program Files\Java\jdk1.7.0_67\jre\bin\fontmanager.dll
0x0000000070d40000 - 0x0000000070d81000 	C:\Program Files\Java\jdk1.7.0_67\jre\bin\t2k.dll
0x00000000737a0000 - 0x00000000737ab000 	C:\Program Files\Java\jdk1.7.0_67\jre\bin\management.dll
0x000000005dc60000 - 0x000000005dc84000 	C:\Program Files\Java\jdk1.7.0_67\jre\bin\sunec.dll
0x000007fefb5d0000 - 0x000007fefb5e5000 	C:\Windows\system32\NLAapi.dll
0x000007fef8560000 - 0x000007fef8575000 	C:\Windows\system32\napinsp.dll
0x000007fef8540000 - 0x000007fef8559000 	C:\Windows\system32\pnrpnsp.dll
0x000007fefc310000 - 0x000007fefc36b000 	C:\Windows\system32\DNSAPI.dll
0x000007fef8530000 - 0x000007fef853b000 	C:\Windows\System32\winrnr.dll
0x000007fef8510000 - 0x000007fef8520000 	C:\Windows\system32\wshbth.dll
0x000007fefbe60000 - 0x000007fefbe67000 	C:\Windows\System32\wshtcpip.dll
0x000007fef7d80000 - 0x000007fef7d88000 	C:\Windows\system32\rasadhlp.dll
0x000007fefae10000 - 0x000007fefae63000 	C:\Windows\System32\fwpuclnt.dll
0x000007fefedb0000 - 0x000007fefee47000 	C:\Windows\system32\COMDLG32.dll
0x000007fef74f0000 - 0x000007fef7561000 	C:\Windows\system32\WINSPOOL.DRV
0x0000000070000000 - 0x00000000700a6000 	C:\Windows\system32\spool\DRIVERS\x64\3\KOAYTJ_C.DLL
0x000007fefbd90000 - 0x000007fefbd9c000 	C:\Windows\system32\VERSION.dll
0x0000000050000000 - 0x00000000505f1000 	C:\Windows\system32\spool\DRIVERS\x64\3\KOAYTJ_U.DLL
0x000007fefe9c0000 - 0x000007fefeb97000 	C:\Windows\system32\SETUPAPI.dll
0x000007fefd030000 - 0x000007fefd066000 	C:\Windows\system32\CFGMGR32.dll
0x000007fefcf00000 - 0x000007fefcf1a000 	C:\Windows\system32\DEVOBJ.dll
0x0000000012380000 - 0x00000000126de000 	C:\Windows\system32\spool\DRIVERS\x64\3\KOAYTJ_R.DLL
0x00000000022d0000 - 0x0000000002305000 	C:\Windows\system32\spool\DRIVERS\x64\3\KOAYTJ_S.DLL
0x0000000180000000 - 0x00000001800b3000 	C:\Windows\system32\spool\DRIVERS\x64\3\KOAYTJ_O.DLL
0x000007fefe410000 - 0x000007fefe657000 	C:\Windows\system32\WININET.dll
0x000007fefccd0000 - 0x000007fefccd4000 	C:\Windows\system32\api-ms-win-downlevel-user32-l1-1-0.dll
0x000007fefcef0000 - 0x000007fefcef4000 	C:\Windows\system32\api-ms-win-downlevel-shlwapi-l1-1-0.dll
0x000007fefcd50000 - 0x000007fefcd54000 	C:\Windows\system32\api-ms-win-downlevel-version-l1-1-0.dll
0x000007fefcce0000 - 0x000007fefcce3000 	C:\Windows\system32\api-ms-win-downlevel-normaliz-l1-1-0.dll
0x00000000770c0000 - 0x00000000770c3000 	C:\Windows\system32\normaliz.DLL
0x000007fefee50000 - 0x000007feff117000 	C:\Windows\system32\iertutil.dll
0x000007fefcd30000 - 0x000007fefcd35000 	C:\Windows\system32\api-ms-win-downlevel-advapi32-l1-1-0.dll
0x0000000012de0000 - 0x00000000134bb000 	C:\Windows\system32\spool\DRIVERS\x64\3\KOAYTJ_D.DLL
0x000007fef79c0000 - 0x000007fef79ca000 	C:\Windows\system32\MGMTAPI.DLL
0x000007fef7470000 - 0x000007fef747b000 	C:\Windows\system32\snmpapi.dll
0x000007fef7450000 - 0x000007fef7464000 	C:\Windows\system32\wsnmp32.dll
0x000007fefc8f0000 - 0x000007fefc8fb000 	C:\Windows\system32\Secur32.dll
0x000007fefcac0000 - 0x000007fefcae5000 	C:\Windows\system32\SSPICLI.DLL
0x0000000071900000 - 0x000000007196d000 	C:\Windows\system32\spool\DRIVERS\x64\3\KOAYTJ_T.dll
0x0000000073760000 - 0x0000000073794000 	C:\Windows\system32\spool\DRIVERS\x64\3\KOAYTJ_Y.DLL
0x0000000005cd0000 - 0x0000000005cd9000 	C:\Windows\system32\spool\DRIVERS\x64\3\KOAYTJ_G.DLL
0x0000000014920000 - 0x0000000014a53000 	C:\Windows\system32\spool\DRIVERS\x64\3\KOAYTJ_X.DLL
0x000007fefd070000 - 0x000007fefd109000 	C:\Windows\system32\CLBCatQ.DLL
0x000007fef9c80000 - 0x000007fef9de1000 	C:\Windows\system32\WindowsCodecs.dll
0x000007fefcaf0000 - 0x000007fefcb47000 	C:\Windows\system32\apphelp.dll
0x000007fef6860000 - 0x000007fef6891000 	C:\Users\abolt\AppData\Roaming\Dropbox\bin\DropboxExt64.25.dll
0x0000000074940000 - 0x0000000074956000 	C:\Program Files\Common Files\TortoiseOverlays\TortoiseOverlays.dll
0x0000000074910000 - 0x0000000074927000 	C:\Program Files\TortoiseSVN\bin\TortoiseStub.dll
0x0000000074890000 - 0x000000007490d000 	C:\Program Files\TortoiseSVN\bin\TortoiseSVN.dll
0x000007fef5d60000 - 0x000007fef61d1000 	C:\Program Files\TortoiseSVN\bin\libsvn_tsvn.dll
0x0000000071da0000 - 0x0000000071dce000 	C:\Program Files\TortoiseSVN\bin\libapr_tsvn.dll
0x000007fef5c80000 - 0x000007fef5d54000 	C:\Windows\system32\MSVCR110.dll
0x0000000071d50000 - 0x0000000071d95000 	C:\Program Files\TortoiseSVN\bin\libaprutil_tsvn.dll
0x000007fefd5c0000 - 0x000007fefd612000 	C:\Windows\system32\WLDAP32.dll
0x000007fef5c60000 - 0x000007fef5c71000 	C:\Program Files\TortoiseSVN\bin\intl3_tsvn.dll
0x000007fef5c40000 - 0x000007fef5c59000 	C:\Program Files\TortoiseSVN\bin\libsasl.dll
0x000007fefcd60000 - 0x000007fefcecd000 	C:\Windows\system32\CRYPT32.dll
0x000007fefccc0000 - 0x000007fefcccf000 	C:\Windows\system32\MSASN1.dll
0x000007fef5b90000 - 0x000007fef5c37000 	C:\Windows\system32\MSVCP110.dll
0x000007fef8e10000 - 0x000007fef8e18000 	C:\Windows\system32\IconCodecService.dll
0x0000000071ca0000 - 0x0000000071cca000 	C:\Program Files\Java\jdk1.7.0_67\jre\bin\dcpr.dll
0x000007fef7700000 - 0x000007fef77a0000 	C:\Windows\WinSxS\amd64_microsoft.windows.common-controls_6595b64144ccf1df_5.82.7601.18201_none_a4d3b9377117c3df\comctl32.dll
0x000007fefb960000 - 0x000007fefba8c000 	C:\Windows\system32\propsys.dll
0x000007fefbbc0000 - 0x000007fefbbed000 	C:\Windows\system32\ntmarta.dll
0x000007fef1ac0000 - 0x000007fef1c5c000 	C:\Windows\system32\NetworkExplorer.dll
0x000007fef6400000 - 0x000007fef6434000 	C:\Windows\System32\shdocvw.dll
0x000007fefb400000 - 0x000007fefb40b000 	C:\Windows\system32\slc.dll
0x000000000c320000 - 0x000000000c3be000 	D:\workspaces\RapidMiner\ProMRM\packages\lpsolve-5.5.0.15\lib\win64\lpsolve55.dll
0x000000000c040000 - 0x000000000c065000 	D:\workspaces\RapidMiner\ProMRM\packages\lpsolve-5.5.0.15\lib\win64\lpsolve55j.dll
0x000007fef89b0000 - 0x000007fef8ad5000 	C:\Windows\system32\dbghelp.dll

VM Arguments:
jvm_args: -Dfile.encoding=Cp1252 
java_command: com.rapidminer.gui.RapidMinerGUI
Launcher Type: SUN_STANDARD

Environment Variables:
JAVA_HOME=C:\Program Files\Java\jdk1.7.0_67
PATH=C:/Program Files/Java/jdk1.7.0_67/bin/../jre/bin/server;C:/Program Files/Java/jdk1.7.0_67/bin/../jre/bin;C:/Program Files/Java/jdk1.7.0_67/bin/../jre/lib/amd64;C:\Program Files\Java\jdk1.7.0_67\bin;C:\Windows\system32;C:\Windows;C:\Windows\System32\Wbem;C:\Windows\System32\WindowsPowerShell\v1.0\;C:\Program Files\MiKTeX 2.9\miktex\bin\x64\;C:\Program Files\TortoiseSVN\bin;C:\Program Files\eclipse;
USERNAME=abolt
OS=Windows_NT
PROCESSOR_IDENTIFIER=Intel64 Family 6 Model 69 Stepping 1, GenuineIntel



---------------  S Y S T E M  ---------------

OS: Windows 7 , 64 bit Build 7601 Service Pack 1

CPU:total 4 (2 cores per cpu, 2 threads per core) family 6 model 69 stepping 1, cmov, cx8, fxsr, mmx, sse, sse2, sse3, ssse3, sse4.1, sse4.2, popcnt, avx, avx2, aes, erms, ht, tsc, tscinvbit

Memory: 4k page, physical 8291696k(4160056k free), swap 16581556k(11180476k free)

vm_info: Java HotSpot(TM) 64-Bit Server VM (24.65-b04) for windows-amd64 JRE (1.7.0_67-b01), built on Jul 25 2014 08:55:00 by "java_re" with unknown MS VC++:1600

time: Thu May 21 12:58:28 2015
elapsed time: 1657 seconds

