#
# A fatal error has been detected by the Java Runtime Environment:
#
#  EXCEPTION_ACCESS_VIOLATION (0xc0000005) at pc=0x0000000063869c84, pid=4836, tid=3228
#
# JRE version: Java(TM) SE Runtime Environment (7.0_67-b01) (build 1.7.0_67-b01)
# Java VM: Java HotSpot(TM) 64-Bit Server VM (24.65-b04 mixed mode windows-amd64 compressed oops)
# Problematic frame:
# C  [awt.dll+0xb9c84]
#
# Failed to write core dump. Minidumps are not enabled by default on client versions of Windows
#
# If you would like to submit a bug report, please visit:
#   http://bugreport.sun.com/bugreport/crash.jsp
# The crash happened outside the Java Virtual Machine in native code.
# See problematic frame for where to report the bug.
#

---------------  T H R E A D  ---------------

Current thread (0x000000000d01b800):  JavaThread "AWT-EventQueue-0" [_thread_in_native, id=3228, stack(0x000000000df50000,0x000000000e050000)]

siginfo: ExceptionCode=0xc0000005, reading address 0x0000000000000008

Registers:
RAX=0x000000000000000d, RBX=0x000000000d01b9e8, RCX=0x0000000000000000, RDX=0x0000000037011bac
RSP=0x000000000e04be98, RBP=0x000000000d01b9e8, RSI=0x0000000011730d90, RDI=0x000000000d0fe210
R8 =0x000000000e04be58, R9 =0x0000000000000005, R10=0x0000000000000000, R11=0x000000000e04be98
R12=0x0000000037011bac, R13=0x0000000000000000, R14=0x000000000e04c628, R15=0x000000000d01b800
RIP=0x0000000063869c84, EFLAGS=0x0000000000010206

Top of Stack: (sp=0x000000000e04be98)
0x000000000e04be98:   0000000063829d39 0000000000000000
0x000000000e04bea8:   000000000d01b9e8 000000000d01b9e8
0x000000000e04beb8:   0000000011730d90 0000000000000000
0x000000000e04bec8:   0000000011730d90 000000000e04c618
0x000000000e04bed8:   000000006380a6b1 000000000d01b9e8
0x000000000e04bee8:   0000000000000000 000000000e04c001
0x000000000e04bef8:   0000000000000000 00000000112fe0b0
0x000000000e04bf08:   00000000638269a2 000000000e04c618
0x000000000e04bf18:   000000000e04c010 000000000d01b9e8
0x000000000e04bf28:   00000007d943c190 000000000e04bf30
0x000000000e04bf38:   000000077c94fe64 000000000e04bff8
0x000000000e04bf48:   00000007dff716f0 0000000000000000
0x000000000e04bf58:   000000077c94ff18 000000000e04bfd8
0x000000000e04bf68:   0000000002696a9e 0000000002696a9e
0x000000000e04bf78:   00000007dff716f0 0000000781da7220
0x000000000e04bf88:   000000000e04c610 000000000d01b9e8 

Instructions: (pc=0x0000000063869c84)
0x0000000063869c64:   5e 41 5d 41 5c 5f c3 cc 48 8b 41 08 48 05 00 04
0x0000000063869c74:   00 00 c3 cc 48 8b 41 08 48 8b 80 18 0c 00 00 c3
0x0000000063869c84:   48 8b 49 08 48 85 c9 74 05 e9 e2 69 fe ff 33 c0
0x0000000063869c94:   c3 cc cc cc 48 83 ec 28 48 8b 49 08 48 85 c9 74 


Register to memory mapping:

RAX=0x000000000000000d is an unknown value
RBX=0x000000000d01b9e8 is an unknown value
RCX=0x0000000000000000 is an unknown value
RDX=0x0000000037011bac is an unknown value
RSP=0x000000000e04be98 is pointing into the stack for thread: 0x000000000d01b800
RBP=0x000000000d01b9e8 is an unknown value
RSI=0x0000000011730d90 is an unknown value
RDI=0x000000000d0fe210 is an unknown value
R8 =0x000000000e04be58 is pointing into the stack for thread: 0x000000000d01b800
R9 =0x0000000000000005 is an unknown value
R10=0x0000000000000000 is an unknown value
R11=0x000000000e04be98 is pointing into the stack for thread: 0x000000000d01b800
R12=0x0000000037011bac is an unknown value
R13=0x0000000000000000 is an unknown value
R14=0x000000000e04c628 is pointing into the stack for thread: 0x000000000d01b800
R15=0x000000000d01b800 is a thread


Stack: [0x000000000df50000,0x000000000e050000],  sp=0x000000000e04be98,  free space=1007k
Native frames: (J=compiled Java code, j=interpreted, Vv=VM code, C=native code)
C  [awt.dll+0xb9c84]

Java frames: (J=compiled Java code, j=interpreted, Vv=VM code)
j  sun.java2d.windows.GDIBlitLoops.nativeBlit(Lsun/java2d/SurfaceData;Lsun/java2d/SurfaceData;Lsun/java2d/pipe/Region;IIIIIIIIIZ)V+0
j  sun.java2d.windows.GDIBlitLoops.Blit(Lsun/java2d/SurfaceData;Lsun/java2d/SurfaceData;Ljava/awt/Composite;Lsun/java2d/pipe/Region;IIIIII)V+33
j  sun.java2d.pipe.DrawImage.blitSurfaceData(Lsun/java2d/SunGraphics2D;Lsun/java2d/pipe/Region;Lsun/java2d/SurfaceData;Lsun/java2d/SurfaceData;Lsun/java2d/loops/SurfaceType;Lsun/java2d/loops/SurfaceType;IIIIIILjava/awt/Color;)V+97
j  sun.java2d.pipe.DrawImage.renderImageCopy(Lsun/java2d/SunGraphics2D;Ljava/awt/Image;Ljava/awt/Color;IIIIII)Z+77
j  sun.java2d.pipe.DrawImage.copyImage(Lsun/java2d/SunGraphics2D;Ljava/awt/Image;IILjava/awt/Color;)Z+45
j  sun.java2d.pipe.DrawImage.copyImage(Lsun/java2d/SunGraphics2D;Ljava/awt/Image;IILjava/awt/Color;Ljava/awt/image/ImageObserver;)Z+15
j  sun.java2d.pipe.ValidatePipe.copyImage(Lsun/java2d/SunGraphics2D;Ljava/awt/Image;IILjava/awt/Color;Ljava/awt/image/ImageObserver;)Z+21
j  sun.java2d.SunGraphics2D.drawImage(Ljava/awt/Image;IILjava/awt/Color;Ljava/awt/image/ImageObserver;)Z+65
j  sun.java2d.SunGraphics2D.drawImage(Ljava/awt/Image;IILjava/awt/image/ImageObserver;)Z+7
j  javax.swing.RepaintManager$PaintManager.paintDoubleBuffered(Ljavax/swing/JComponent;Ljava/awt/Image;Ljava/awt/Graphics;IIII)V+242
j  javax.swing.RepaintManager$PaintManager.paint(Ljavax/swing/JComponent;Ljavax/swing/JComponent;Ljava/awt/Graphics;IIII)Z+116
j  javax.swing.BufferStrategyPaintManager.paint(Ljavax/swing/JComponent;Ljavax/swing/JComponent;Ljava/awt/Graphics;IIII)Z+224
j  javax.swing.RepaintManager.paint(Ljavax/swing/JComponent;Ljavax/swing/JComponent;Ljava/awt/Graphics;IIII)V+52
j  javax.swing.JComponent.paint(Ljava/awt/Graphics;)V+221
j  java.awt.GraphicsCallback$PaintCallback.run(Ljava/awt/Component;Ljava/awt/Graphics;)V+2
j  sun.awt.SunGraphicsCallback.runOneComponent(Ljava/awt/Component;Ljava/awt/Rectangle;Ljava/awt/Graphics;Ljava/awt/Shape;I)V+155
j  sun.awt.SunGraphicsCallback.runComponents([Ljava/awt/Component;Ljava/awt/Graphics;I)V+194
j  java.awt.Container.paint(Ljava/awt/Graphics;)V+58
j  java.awt.Window.paint(Ljava/awt/Graphics;)V+68
j  javax.swing.RepaintManager$3.run()Ljava/lang/Void;+136
j  javax.swing.RepaintManager$3.run()Ljava/lang/Object;+1
v  ~StubRoutines::call_stub
j  java.security.AccessController.doPrivileged(Ljava/security/PrivilegedAction;Ljava/security/AccessControlContext;)Ljava/lang/Object;+0
j  java.security.ProtectionDomain$1.doIntersectionPrivilege(Ljava/security/PrivilegedAction;Ljava/security/AccessControlContext;Ljava/security/AccessControlContext;)Ljava/lang/Object;+28
j  javax.swing.RepaintManager.paintDirtyRegions(Ljava/util/Map;)V+154
j  javax.swing.RepaintManager.paintDirtyRegions()V+46
j  javax.swing.RepaintManager.prePaintDirtyRegions()V+73
j  javax.swing.RepaintManager.access$1100(Ljavax/swing/RepaintManager;)V+1
j  javax.swing.RepaintManager$ProcessingRunnable.run()V+37
j  java.awt.event.InvocationEvent.dispatch()V+47
j  java.awt.EventQueue.dispatchEventImpl(Ljava/awt/AWTEvent;Ljava/lang/Object;)V+21
j  java.awt.EventQueue.access$200(Ljava/awt/EventQueue;Ljava/awt/AWTEvent;Ljava/lang/Object;)V+3
j  java.awt.EventQueue$3.run()Ljava/lang/Void;+12
j  java.awt.EventQueue$3.run()Ljava/lang/Object;+1
v  ~StubRoutines::call_stub
j  java.security.AccessController.doPrivileged(Ljava/security/PrivilegedAction;Ljava/security/AccessControlContext;)Ljava/lang/Object;+0
J 996 C2 java.awt.EventDispatchThread.pumpOneEventForFilters(I)V (295 bytes) @ 0x00000000028accf8 [0x00000000028abec0+0xe38]
j  java.awt.EventDispatchThread.pumpEventsForFilter(ILjava/awt/Conditional;Ljava/awt/EventFilter;)V+35
j  java.awt.EventDispatchThread.pumpEventsForHierarchy(ILjava/awt/Conditional;Ljava/awt/Component;)V+11
j  java.awt.EventDispatchThread.pumpEvents(ILjava/awt/Conditional;)V+4
j  java.awt.EventDispatchThread.pumpEvents(Ljava/awt/Conditional;)V+3
j  java.awt.EventDispatchThread.run()V+9
v  ~StubRoutines::call_stub

---------------  P R O C E S S  ---------------

Java Threads: ( => current thread )
  0x000000000ed15000 JavaThread "Swing-Shell" daemon [_thread_blocked, id=6076, stack(0x00000000166b0000,0x00000000167b0000)]
  0x000000000ed13800 JavaThread "DestroyJavaVM" [_thread_blocked, id=6044, stack(0x0000000002590000,0x0000000002690000)]
  0x000000000ed13000 JavaThread "UpdateQueue-autosave-queue" daemon [_thread_blocked, id=920, stack(0x0000000015ea0000,0x0000000015fa0000)]
  0x000000000ed12000 JavaThread "ProgressThread" daemon [_thread_blocked, id=3028, stack(0x0000000015cc0000,0x0000000015dc0000)]
  0x000000000ed11800 JavaThread "UpdateQueue-MetaDataValidation" daemon [_thread_blocked, id=5180, stack(0x0000000015a20000,0x0000000015b20000)]
  0x000000000ed10000 JavaThread "UpdateQueue-macro_viewer" daemon [_thread_blocked, id=4488, stack(0x0000000014840000,0x0000000014940000)]
  0x000000000ed0f000 JavaThread "RemoteProcess-Updater" daemon [_thread_blocked, id=3528, stack(0x00000000149c0000,0x0000000014ac0000)]
  0x000000000ed0e800 JavaThread "UpdateQueue-documentation_update_queue" daemon [_thread_blocked, id=4800, stack(0x0000000011ef0000,0x0000000011ff0000)]
  0x000000000ed0d800 JavaThread "UpdateQueue-ResultDisplayDataTableViewUpdater" daemon [_thread_blocked, id=2284, stack(0x000000000fb30000,0x000000000fc30000)]
  0x000000000f355800 JavaThread "SwingWorker-pool-1-thread-1" daemon [_thread_blocked, id=5844, stack(0x0000000011ce0000,0x0000000011de0000)]
  0x000000000effc800 JavaThread "Abandoned connection cleanup thread" daemon [_thread_blocked, id=5464, stack(0x000000000f8a0000,0x000000000f9a0000)]
=>0x000000000d01b800 JavaThread "AWT-EventQueue-0" [_thread_in_native, id=3228, stack(0x000000000df50000,0x000000000e050000)]
  0x000000000d09f000 JavaThread "TimerQueue" daemon [_thread_blocked, id=5156, stack(0x000000000ddc0000,0x000000000dec0000)]
  0x000000000d0aa000 JavaThread "AWT-Windows" daemon [_thread_in_native, id=452, stack(0x000000000d900000,0x000000000da00000)]
  0x000000000d0a9000 JavaThread "AWT-Shutdown" [_thread_blocked, id=4204, stack(0x000000000d7b0000,0x000000000d8b0000)]
  0x000000000d0a8800 JavaThread "Java2D Disposer" daemon [_thread_blocked, id=3456, stack(0x000000000c9b0000,0x000000000cab0000)]
  0x000000000c432800 JavaThread "Service Thread" daemon [_thread_blocked, id=3096, stack(0x000000000c8a0000,0x000000000c9a0000)]
  0x000000000ab7e000 JavaThread "C2 CompilerThread1" daemon [_thread_blocked, id=4140, stack(0x000000000bd90000,0x000000000be90000)]
  0x000000000ab6b000 JavaThread "C2 CompilerThread0" daemon [_thread_blocked, id=4500, stack(0x000000000c330000,0x000000000c430000)]
  0x000000000ab6a000 JavaThread "Attach Listener" daemon [_thread_blocked, id=5724, stack(0x000000000c140000,0x000000000c240000)]
  0x000000000ab62800 JavaThread "Signal Dispatcher" daemon [_thread_blocked, id=4940, stack(0x000000000c020000,0x000000000c120000)]
  0x000000000ab06800 JavaThread "Finalizer" daemon [_thread_blocked, id=5856, stack(0x000000000be90000,0x000000000bf90000)]
  0x000000000aaff000 JavaThread "Reference Handler" daemon [_thread_blocked, id=4504, stack(0x000000000bc60000,0x000000000bd60000)]

Other Threads:
  0x000000000aaf9800 VMThread [stack: 0x000000000b9b0000,0x000000000bab0000] [id=5968]
  0x000000000c471800 WatcherThread [stack: 0x000000000cad0000,0x000000000cbd0000] [id=5248]

VM state:not at safepoint (normal execution)

VM Mutex/Monitor currently owned by a thread: None

Heap
 PSYoungGen      total 149504K, used 75591K [0x00000007d5c80000, 0x00000007e8480000, 0x0000000800000000)
  eden space 127488K, 44% used [0x00000007d5c80000,0x00000007d944d2e0,0x00000007dd900000)
  from space 22016K, 83% used [0x00000007df080000,0x00000007e0284cf0,0x00000007e0600000)
  to   space 24064K, 0% used [0x00000007dd900000,0x00000007dd900000,0x00000007df080000)
 ParOldGen       total 86016K, used 37499K [0x0000000781600000, 0x0000000786a00000, 0x00000007d5c80000)
  object space 86016K, 43% used [0x0000000781600000,0x0000000783a9eff8,0x0000000786a00000)
 PSPermGen       total 48640K, used 48450K [0x000000077c400000, 0x000000077f380000, 0x0000000781600000)
  object space 48640K, 99% used [0x000000077c400000,0x000000077f350be8,0x000000077f380000)

Card table byte_map: [0x0000000005690000,0x0000000005ab0000] byte_map_base: 0x0000000001aae000

Polling page: 0x0000000000120000

Code Cache  [0x0000000002690000, 0x0000000002970000, 0x0000000005690000)
 total_blobs=1566 nmethods=923 adapters=594 free_code_cache=46331Kb largest_free_block=47344768

Compilation events (10 events):
Event: 1360.234 Thread 0x000000000ab6b000 1036  s          java.awt.KeyboardFocusManager::getCurrentKeyboardFocusManager (34 bytes)
Event: 1360.236 Thread 0x000000000ab6b000 nmethod 1036 0x000000000288cfd0 code [0x000000000288d140, 0x000000000288d4e8]
Event: 1360.248 Thread 0x000000000ab6b000 1037             sun.font.CompositeStrike::getStrikeForSlot (42 bytes)
Event: 1360.249 Thread 0x000000000ab7e000 1038             java.awt.Rectangle::<init> (9 bytes)
Event: 1360.249 Thread 0x000000000ab7e000 nmethod 1038 0x000000000294b6d0 code [0x000000000294b800, 0x000000000294b878]
Event: 1360.250 Thread 0x000000000ab6b000 nmethod 1037 0x000000000288ca10 code [0x000000000288cb80, 0x000000000288cd78]
Event: 1360.320 Thread 0x000000000ab7e000 1039             java.awt.KeyboardFocusManager::getCurrentKeyboardFocusManager (7 bytes)
Event: 1360.323 Thread 0x000000000ab7e000 nmethod 1039 0x000000000294d090 code [0x000000000294d220, 0x000000000294d678]
Event: 1362.947 Thread 0x000000000ab6b000 1040   !         sun.java2d.SunGraphics2D::drawLine (74 bytes)
Event: 1362.997 Thread 0x000000000ab6b000 nmethod 1040 0x000000000287ff50 code [0x0000000002880160, 0x0000000002880820]

GC Heap History (10 events):
Event: 3.290 GC heap before
{Heap before GC invocations=4 (full 0):
 PSYoungGen      total 38400K, used 38391K [0x00000007d5c80000, 0x00000007da780000, 0x0000000800000000)
  eden space 33280K, 99% used [0x00000007d5c80000,0x00000007d7cff540,0x00000007d7d00000)
  from space 5120K, 99% used [0x00000007d7d00000,0x00000007d81fe860,0x00000007d8200000)
  to   space 5120K, 0% used [0x00000007da280000,0x00000007da280000,0x00000007da780000)
 ParOldGen       total 86016K, used 14280K [0x0000000781600000, 0x0000000786a00000, 0x00000007d5c80000)
  object space 86016K, 16% used [0x0000000781600000,0x00000007823f21f0,0x0000000786a00000)
 PSPermGen       total 28160K, used 27741K [0x000000077c400000, 0x000000077df80000, 0x0000000781600000)
  object space 28160K, 98% used [0x000000077c400000,0x000000077df176e0,0x000000077df80000)
Event: 3.302 GC heap after
Heap after GC invocations=4 (full 0):
 PSYoungGen      total 71680K, used 5088K [0x00000007d5c80000, 0x00000007da780000, 0x0000000800000000)
  eden space 66560K, 0% used [0x00000007d5c80000,0x00000007d5c80000,0x00000007d9d80000)
  from space 5120K, 99% used [0x00000007da280000,0x00000007da778020,0x00000007da780000)
  to   space 5120K, 0% used [0x00000007d9d80000,0x00000007d9d80000,0x00000007da280000)
 ParOldGen       total 86016K, used 17855K [0x0000000781600000, 0x0000000786a00000, 0x00000007d5c80000)
  object space 86016K, 20% used [0x0000000781600000,0x000000078276ff38,0x0000000786a00000)
 PSPermGen       total 28160K, used 27741K [0x000000077c400000, 0x000000077df80000, 0x0000000781600000)
  object space 28160K, 98% used [0x000000077c400000,0x000000077df176e0,0x000000077df80000)
}
Event: 5.134 GC heap before
{Heap before GC invocations=5 (full 0):
 PSYoungGen      total 71680K, used 71648K [0x00000007d5c80000, 0x00000007da780000, 0x0000000800000000)
  eden space 66560K, 100% used [0x00000007d5c80000,0x00000007d9d80000,0x00000007d9d80000)
  from space 5120K, 99% used [0x00000007da280000,0x00000007da778020,0x00000007da780000)
  to   space 5120K, 0% used [0x00000007d9d80000,0x00000007d9d80000,0x00000007da280000)
 ParOldGen       total 86016K, used 17863K [0x0000000781600000, 0x0000000786a00000, 0x00000007d5c80000)
  object space 86016K, 20% used [0x0000000781600000,0x0000000782771eb8,0x0000000786a00000)
 PSPermGen       total 38400K, used 38031K [0x000000077c400000, 0x000000077e980000, 0x0000000781600000)
  object space 38400K, 99% used [0x000000077c400000,0x000000077e923e18,0x000000077e980000)
Event: 5.151 GC heap after
Heap after GC invocations=5 (full 0):
 PSYoungGen      total 71680K, used 5092K [0x00000007d5c80000, 0x00000007e0680000, 0x0000000800000000)
  eden space 66560K, 0% used [0x00000007d5c80000,0x00000007d5c80000,0x00000007d9d80000)
  from space 5120K, 99% used [0x00000007d9d80000,0x00000007da279020,0x00000007da280000)
  to   space 20480K, 0% used [0x00000007df280000,0x00000007df280000,0x00000007e0680000)
 ParOldGen       total 86016K, used 34569K [0x0000000781600000, 0x0000000786a00000, 0x00000007d5c80000)
  object space 86016K, 40% used [0x0000000781600000,0x00000007837c2560,0x0000000786a00000)
 PSPermGen       total 38400K, used 38031K [0x000000077c400000, 0x000000077e980000, 0x0000000781600000)
  object space 38400K, 99% used [0x000000077c400000,0x000000077e923e18,0x000000077e980000)
}
Event: 28.131 GC heap before
{Heap before GC invocations=6 (full 0):
 PSYoungGen      total 71680K, used 71652K [0x00000007d5c80000, 0x00000007e0680000, 0x0000000800000000)
  eden space 66560K, 100% used [0x00000007d5c80000,0x00000007d9d80000,0x00000007d9d80000)
  from space 5120K, 99% used [0x00000007d9d80000,0x00000007da279020,0x00000007da280000)
  to   space 20480K, 0% used [0x00000007df280000,0x00000007df280000,0x00000007e0680000)
 ParOldGen       total 86016K, used 34569K [0x0000000781600000, 0x0000000786a00000, 0x00000007d5c80000)
  object space 86016K, 40% used [0x0000000781600000,0x00000007837c2560,0x0000000786a00000)
 PSPermGen       total 40960K, used 40607K [0x000000077c400000, 0x000000077ec00000, 0x0000000781600000)
  object space 40960K, 99% used [0x000000077c400000,0x000000077eba7e88,0x000000077ec00000)
Event: 28.149 GC heap after
Heap after GC invocations=6 (full 0):
 PSYoungGen      total 153088K, used 15699K [0x00000007d5c80000, 0x00000007e0780000, 0x0000000800000000)
  eden space 132608K, 0% used [0x00000007d5c80000,0x00000007d5c80000,0x00000007dde00000)
  from space 20480K, 76% used [0x00000007df280000,0x00000007e01d4f00,0x00000007e0680000)
  to   space 20992K, 0% used [0x00000007dde00000,0x00000007dde00000,0x00000007df280000)
 ParOldGen       total 86016K, used 34569K [0x0000000781600000, 0x0000000786a00000, 0x00000007d5c80000)
  object space 86016K, 40% used [0x0000000781600000,0x00000007837c2560,0x0000000786a00000)
 PSPermGen       total 40960K, used 40607K [0x000000077c400000, 0x000000077ec00000, 0x0000000781600000)
  object space 40960K, 99% used [0x000000077c400000,0x000000077eba7e88,0x000000077ec00000)
}
Event: 31.615 GC heap before
{Heap before GC invocations=7 (full 0):
 PSYoungGen      total 153088K, used 148307K [0x00000007d5c80000, 0x00000007e0780000, 0x0000000800000000)
  eden space 132608K, 100% used [0x00000007d5c80000,0x00000007dde00000,0x00000007dde00000)
  from space 20480K, 76% used [0x00000007df280000,0x00000007e01d4f00,0x00000007e0680000)
  to   space 20992K, 0% used [0x00000007dde00000,0x00000007dde00000,0x00000007df280000)
 ParOldGen       total 86016K, used 34569K [0x0000000781600000, 0x0000000786a00000, 0x00000007d5c80000)
  object space 86016K, 40% used [0x0000000781600000,0x00000007837c2560,0x0000000786a00000)
 PSPermGen       total 45056K, used 44801K [0x000000077c400000, 0x000000077f000000, 0x0000000781600000)
  object space 45056K, 99% used [0x000000077c400000,0x000000077efc0760,0x000000077f000000)
Event: 31.638 GC heap after
Heap after GC invocations=7 (full 0):
 PSYoungGen      total 146432K, used 18810K [0x00000007d5c80000, 0x00000007e0600000, 0x0000000800000000)
  eden space 127488K, 0% used [0x00000007d5c80000,0x00000007d5c80000,0x00000007dd900000)
  from space 18944K, 99% used [0x00000007dde00000,0x00000007df05eae8,0x00000007df080000)
  to   space 22016K, 0% used [0x00000007df080000,0x00000007df080000,0x00000007e0600000)
 ParOldGen       total 86016K, used 37014K [0x0000000781600000, 0x0000000786a00000, 0x00000007d5c80000)
  object space 86016K, 43% used [0x0000000781600000,0x0000000783a25ba8,0x0000000786a00000)
 PSPermGen       total 45056K, used 44801K [0x000000077c400000, 0x000000077f000000, 0x0000000781600000)
  object space 45056K, 99% used [0x000000077c400000,0x000000077efc0760,0x000000077f000000)
}
Event: 32.377 GC heap before
{Heap before GC invocations=8 (full 0):
 PSYoungGen      total 146432K, used 146298K [0x00000007d5c80000, 0x00000007e0600000, 0x0000000800000000)
  eden space 127488K, 100% used [0x00000007d5c80000,0x00000007dd900000,0x00000007dd900000)
  from space 18944K, 99% used [0x00000007dde00000,0x00000007df05eae8,0x00000007df080000)
  to   space 22016K, 0% used [0x00000007df080000,0x00000007df080000,0x00000007e0600000)
 ParOldGen       total 86016K, used 37014K [0x0000000781600000, 0x0000000786a00000, 0x00000007d5c80000)
  object space 86016K, 43% used [0x0000000781600000,0x0000000783a25ba8,0x0000000786a00000)
 PSPermGen       total 47616K, used 47580K [0x000000077c400000, 0x000000077f280000, 0x0000000781600000)
  object space 47616K, 99% used [0x000000077c400000,0x000000077f277220,0x000000077f280000)
Event: 32.395 GC heap after
Heap after GC invocations=8 (full 0):
 PSYoungGen      total 149504K, used 18451K [0x00000007d5c80000, 0x00000007e8480000, 0x0000000800000000)
  eden space 127488K, 0% used [0x00000007d5c80000,0x00000007d5c80000,0x00000007dd900000)
  from space 22016K, 83% used [0x00000007df080000,0x00000007e0284cf0,0x00000007e0600000)
  to   space 24064K, 0% used [0x00000007dd900000,0x00000007dd900000,0x00000007df080000)
 ParOldGen       total 86016K, used 37499K [0x0000000781600000, 0x0000000786a00000, 0x00000007d5c80000)
  object space 86016K, 43% used [0x0000000781600000,0x0000000783a9eff8,0x0000000786a00000)
 PSPermGen       total 47616K, used 47580K [0x000000077c400000, 0x000000077f280000, 0x0000000781600000)
  object space 47616K, 99% used [0x000000077c400000,0x000000077f277220,0x000000077f280000)
}

Deoptimization events (10 events):
Event: 31.940 Thread 0x000000000ed14800 Uncommon trap: reason=class_check action=maybe_recompile pc=0x00000000027baac8 method=sun.security.provider.DigestBase.engineUpdate([BII)V @ 128
Event: 32.221 Thread 0x000000000ed14800 Uncommon trap: reason=null_check action=make_not_entrant pc=0x000000000288fa1c method=java.lang.Class.getAnnotation(Ljava/lang/Class;)Ljava/lang/annotation/Annotation; @ 26
Event: 32.529 Thread 0x000000000ed14800 Uncommon trap: reason=class_check action=maybe_recompile pc=0x00000000028b50d0 method=java.security.MessageDigest$Delegate.engineUpdate([BII)V @ 7
Event: 32.529 Thread 0x000000000ed14800 Uncommon trap: reason=class_check action=maybe_recompile pc=0x00000000028b50d0 method=java.security.MessageDigest$Delegate.engineUpdate([BII)V @ 7
Event: 32.529 Thread 0x000000000ed14800 Uncommon trap: reason=class_check action=maybe_recompile pc=0x00000000028b50d0 method=java.security.MessageDigest$Delegate.engineUpdate([BII)V @ 7
Event: 32.530 Thread 0x000000000ed14800 Uncommon trap: reason=class_check action=maybe_recompile pc=0x00000000028b50d0 method=java.security.MessageDigest$Delegate.engineUpdate([BII)V @ 7
Event: 43.504 Thread 0x000000000d01b800 Uncommon trap: reason=class_check action=maybe_recompile pc=0x00000000028e3f2c method=java.awt.KeyboardFocusManager.clearMostRecentFocusOwner(Ljava/awt/Component;)V @ 68
Event: 43.504 Thread 0x000000000d01b800 Uncommon trap: reason=null_check action=make_not_entrant pc=0x00000000028e3f38 method=java.awt.KeyboardFocusManager.getMostRecentFocusOwner(Ljava/awt/Window;)Ljava/awt/Component; @ 9
Event: 1360.140 Thread 0x000000000d01b800 Uncommon trap: reason=predicate action=maybe_recompile pc=0x000000000277dc98 method=java.util.HashMap.putAllForCreate(Ljava/util/Map;)V @ 21
Event: 1360.225 Thread 0x000000000d01b800 Uncommon trap: reason=null_check action=make_not_entrant pc=0x000000000295fd68 method=javax.swing.text.html.StyleSheet.getResolvedStyle(Ljava/lang/String;Ljava/util/Vector;Ljavax/swing/text/html/HTML$Tag;)Ljavax/swing/text/Style; @ 8

Internal exceptions (10 events):
Event: 32.551 Thread 0x000000000ed17800 Threw 0x00000007d7da9910 at C:\re\jdk7u67\1368\hotspot\src\share\vm\prims\jvm.cpp:1244
Event: 32.553 Thread 0x000000000ed17800 Threw 0x00000007d7de9780 at C:\re\jdk7u67\1368\hotspot\src\share\vm\prims\jvm.cpp:1244
Event: 32.554 Thread 0x000000000ed17800 Threw 0x00000007d7e28fd0 at C:\re\jdk7u67\1368\hotspot\src\share\vm\prims\jvm.cpp:1244
Event: 32.554 Thread 0x000000000ed17800 Threw 0x00000007d7e29168 at C:\re\jdk7u67\1368\hotspot\src\share\vm\classfile\systemDictionary.cpp:174
Event: 32.554 Thread 0x000000000ed17800 Threw 0x00000007d7e29288 at C:\re\jdk7u67\1368\hotspot\src\share\vm\runtime\reflection.cpp:1030
Event: 32.554 Thread 0x000000000ed14800 Threw 0x00000007d7c52bb8 at C:\re\jdk7u67\1368\hotspot\src\share\vm\interpreter\linkResolver.cpp:969
Event: 43.504 Thread 0x000000000d01b800 Implicit null exception at 0x00000000028e3a90 to 0x00000000028e3f2d
Event: 43.508 Thread 0x000000000ed14800 Threw 0x00000007d7c77338 at C:\re\jdk7u67\1368\hotspot\src\share\vm\prims\jvm.cpp:1244
Event: 43.510 Thread 0x000000000ed14800 Threw 0x00000007d7c798e0 at C:\re\jdk7u67\1368\hotspot\src\share\vm\prims\jvm.cpp:1244
Event: 1360.225 Thread 0x000000000d01b800 Implicit null exception at 0x000000000295d613 to 0x000000000295fd59

Events (10 events):
Event: 1360.140 Thread 0x000000000d01b800 Uncommon trap: trap_request=0xffffff86 fr.pc=0x000000000277dc98
Event: 1360.140 Thread 0x000000000d01b800 DEOPT PACKING pc=0x000000000277dc98 sp=0x000000000e04dd80
Event: 1360.140 Thread 0x000000000d01b800 DEOPT UNPACKING pc=0x00000000026c75a4 sp=0x000000000e04dd40 mode 2
Event: 1360.225 Thread 0x000000000d01b800 Uncommon trap: trap_request=0xfffffff4 fr.pc=0x000000000295fd68
Event: 1360.225 Executing VM operation: RevokeBias
Event: 1360.225 Executing VM operation: RevokeBias done
Event: 1360.225 Thread 0x000000000d01b800 DEOPT PACKING pc=0x000000000295fd68 sp=0x000000000e049ea0
Event: 1360.225 Thread 0x000000000d01b800 DEOPT UNPACKING pc=0x00000000026c75a4 sp=0x000000000e049e20 mode 2
Event: 1360.254 loading class 0x000000000c6ad4e0
Event: 1360.254 loading class 0x000000000c6ad4e0 done


Dynamic libraries:
0x000000013f780000 - 0x000000013f7b3000 	C:\Program Files\Java\jdk1.7.0_67\bin\javaw.exe
0x0000000077680000 - 0x0000000077829000 	C:\Windows\SYSTEM32\ntdll.dll
0x0000000077460000 - 0x000000007757f000 	C:\Windows\system32\kernel32.dll
0x000007fefd750000 - 0x000007fefd7bc000 	C:\Windows\system32\KERNELBASE.dll
0x000007fefefe0000 - 0x000007feff0bb000 	C:\Windows\system32\ADVAPI32.dll
0x000007feff860000 - 0x000007feff8ff000 	C:\Windows\system32\msvcrt.dll
0x000007fefed10000 - 0x000007fefed2f000 	C:\Windows\SYSTEM32\sechost.dll
0x000007feff0c0000 - 0x000007feff1ed000 	C:\Windows\system32\RPCRT4.dll
0x0000000077580000 - 0x000000007767a000 	C:\Windows\system32\USER32.dll
0x000007feff920000 - 0x000007feff987000 	C:\Windows\system32\GDI32.dll
0x000007feff660000 - 0x000007feff66e000 	C:\Windows\system32\LPK.dll
0x000007fefec40000 - 0x000007fefed09000 	C:\Windows\system32\USP10.dll
0x000007fefb950000 - 0x000007fefbb44000 	C:\Windows\WinSxS\amd64_microsoft.windows.common-controls_6595b64144ccf1df_6.0.7601.17514_none_fa396087175ac9ac\COMCTL32.dll
0x000007feff5b0000 - 0x000007feff621000 	C:\Windows\system32\SHLWAPI.dll
0x000007feff630000 - 0x000007feff65e000 	C:\Windows\system32\IMM32.DLL
0x000007fefdd00000 - 0x000007fefde09000 	C:\Windows\system32\MSCTF.dll
0x0000000068840000 - 0x0000000068912000 	C:\Program Files\Java\jdk1.7.0_67\jre\bin\msvcr100.dll
0x000000005b110000 - 0x000000005b8e2000 	C:\Program Files\Java\jdk1.7.0_67\jre\bin\server\jvm.dll
0x000007fef6990000 - 0x000007fef6999000 	C:\Windows\system32\WSOCK32.dll
0x000007feff350000 - 0x000007feff39d000 	C:\Windows\system32\WS2_32.dll
0x000007feff670000 - 0x000007feff678000 	C:\Windows\system32\NSI.dll
0x000007fef9d00000 - 0x000007fef9d3b000 	C:\Windows\system32\WINMM.dll
0x0000000077840000 - 0x0000000077847000 	C:\Windows\system32\PSAPI.DLL
0x00000000748d0000 - 0x00000000748df000 	C:\Program Files\Java\jdk1.7.0_67\jre\bin\verify.dll
0x000000006e580000 - 0x000000006e5a8000 	C:\Program Files\Java\jdk1.7.0_67\jre\bin\java.dll
0x00000000722a0000 - 0x00000000722b5000 	C:\Program Files\Java\jdk1.7.0_67\jre\bin\zip.dll
0x0000000071ce0000 - 0x0000000071cf9000 	C:\Program Files\Java\jdk1.7.0_67\jre\bin\net.dll
0x000007fefcd10000 - 0x000007fefcd65000 	C:\Windows\system32\mswsock.dll
0x000007fefcd00000 - 0x000007fefcd07000 	C:\Windows\System32\wship6.dll
0x0000000072220000 - 0x0000000072231000 	C:\Program Files\Java\jdk1.7.0_67\jre\bin\nio.dll
0x00000000637b0000 - 0x0000000063945000 	C:\Program Files\Java\jdk1.7.0_67\jre\bin\awt.dll
0x000007feff1f0000 - 0x000007feff2c7000 	C:\Windows\system32\OLEAUT32.dll
0x000007feff3a0000 - 0x000007feff5a3000 	C:\Windows\system32\ole32.dll
0x000007fefa3e0000 - 0x000007fefa436000 	C:\Windows\system32\uxtheme.dll
0x000007fefa010000 - 0x000007fefa028000 	C:\Windows\system32\dwmapi.dll
0x000007fefd2e0000 - 0x000007fefd2ef000 	C:\Windows\system32\CRYPTBASE.dll
0x000007fefdeb0000 - 0x000007fefec38000 	C:\Windows\system32\SHELL32.dll
0x000007fefce70000 - 0x000007fefce87000 	C:\Windows\system32\CRYPTSP.dll
0x000007fefc970000 - 0x000007fefc9b7000 	C:\Windows\system32\rsaenh.dll
0x000007fefd4d0000 - 0x000007fefd4ee000 	C:\Windows\system32\USERENV.dll
0x000007fefd440000 - 0x000007fefd44f000 	C:\Windows\system32\profapi.dll
0x000007fefb720000 - 0x000007fefb747000 	C:\Windows\system32\IPHLPAPI.DLL
0x000007fefb710000 - 0x000007fefb71b000 	C:\Windows\system32\WINNSI.DLL
0x000007fefb500000 - 0x000007fefb511000 	C:\Windows\system32\dhcpcsvc6.DLL
0x000007fefb520000 - 0x000007fefb538000 	C:\Windows\system32\dhcpcsvc.DLL
0x00000000694d0000 - 0x0000000069517000 	C:\Program Files\Java\jdk1.7.0_67\jre\bin\fontmanager.dll
0x0000000069300000 - 0x0000000069341000 	C:\Program Files\Java\jdk1.7.0_67\jre\bin\t2k.dll
0x0000000071610000 - 0x000000007161b000 	C:\Program Files\Java\jdk1.7.0_67\jre\bin\management.dll
0x0000000069140000 - 0x0000000069164000 	C:\Program Files\Java\jdk1.7.0_67\jre\bin\sunec.dll
0x000007fefbd50000 - 0x000007fefbd65000 	C:\Windows\system32\NLAapi.dll
0x000007fef8ee0000 - 0x000007fef8ef5000 	C:\Windows\system32\napinsp.dll
0x000007fef8e90000 - 0x000007fef8ea9000 	C:\Windows\system32\pnrpnsp.dll
0x000007fefca60000 - 0x000007fefcabb000 	C:\Windows\system32\DNSAPI.dll
0x000007fef8e80000 - 0x000007fef8e8b000 	C:\Windows\System32\winrnr.dll
0x000007fef8e60000 - 0x000007fef8e70000 	C:\Windows\system32\wshbth.dll
0x000007fefc5f0000 - 0x000007fefc5f7000 	C:\Windows\System32\wshtcpip.dll
0x000007fef8650000 - 0x000007fef8658000 	C:\Windows\system32\rasadhlp.dll
0x000007fefb5a0000 - 0x000007fefb5f3000 	C:\Windows\System32\fwpuclnt.dll
0x000007fefdc60000 - 0x000007fefdcf7000 	C:\Windows\system32\COMDLG32.dll
0x000007fef77c0000 - 0x000007fef7831000 	C:\Windows\system32\WINSPOOL.DRV
0x0000000070000000 - 0x00000000700a6000 	C:\Windows\system32\spool\DRIVERS\x64\3\KOAYTJ_C.DLL
0x000007fefc520000 - 0x000007fefc52c000 	C:\Windows\system32\VERSION.dll
0x0000000050000000 - 0x00000000505f1000 	C:\Windows\system32\spool\DRIVERS\x64\3\KOAYTJ_U.DLL
0x000007feff680000 - 0x000007feff857000 	C:\Windows\system32\SETUPAPI.dll
0x000007fefd470000 - 0x000007fefd4a6000 	C:\Windows\system32\CFGMGR32.dll
0x000007fefd710000 - 0x000007fefd72a000 	C:\Windows\system32\DEVOBJ.dll
0x0000000012150000 - 0x00000000124ae000 	C:\Windows\system32\spool\DRIVERS\x64\3\KOAYTJ_R.DLL
0x00000000002e0000 - 0x0000000000315000 	C:\Windows\system32\spool\DRIVERS\x64\3\KOAYTJ_S.DLL
0x0000000180000000 - 0x00000001800b3000 	C:\Windows\system32\spool\DRIVERS\x64\3\KOAYTJ_O.DLL
0x000007fefed90000 - 0x000007fefefd8000 	C:\Windows\system32\WININET.dll
0x000007fefd460000 - 0x000007fefd464000 	C:\Windows\system32\api-ms-win-downlevel-user32-l1-1-0.dll
0x000007fefd4b0000 - 0x000007fefd4b4000 	C:\Windows\system32\api-ms-win-downlevel-shlwapi-l1-1-0.dll
0x000007fefd4c0000 - 0x000007fefd4c4000 	C:\Windows\system32\api-ms-win-downlevel-version-l1-1-0.dll
0x000007fefd590000 - 0x000007fefd593000 	C:\Windows\system32\api-ms-win-downlevel-normaliz-l1-1-0.dll
0x0000000077850000 - 0x0000000077853000 	C:\Windows\system32\normaliz.DLL
0x000007fefd990000 - 0x000007fefdc57000 	C:\Windows\system32\iertutil.dll
0x000007fefd740000 - 0x000007fefd745000 	C:\Windows\system32\api-ms-win-downlevel-advapi32-l1-1-0.dll
0x0000000012c90000 - 0x000000001336b000 	C:\Windows\system32\spool\DRIVERS\x64\3\KOAYTJ_D.DLL
0x000007fef9af0000 - 0x000007fef9afa000 	C:\Windows\system32\MGMTAPI.DLL
0x000007fef6c40000 - 0x000007fef6c4b000 	C:\Windows\system32\snmpapi.dll
0x000007fef6c20000 - 0x000007fef6c34000 	C:\Windows\system32\wsnmp32.dll
0x000007fefd080000 - 0x000007fefd08b000 	C:\Windows\system32\Secur32.dll
0x000007fefd250000 - 0x000007fefd275000 	C:\Windows\system32\SSPICLI.DLL
0x0000000071900000 - 0x000000007196d000 	C:\Windows\system32\spool\DRIVERS\x64\3\KOAYTJ_T.dll
0x0000000069100000 - 0x0000000069134000 	C:\Windows\system32\spool\DRIVERS\x64\3\KOAYTJ_Y.DLL
0x0000000000370000 - 0x0000000000379000 	C:\Windows\system32\spool\DRIVERS\x64\3\KOAYTJ_G.DLL
0x00000000146b0000 - 0x00000000147e3000 	C:\Windows\system32\spool\DRIVERS\x64\3\KOAYTJ_X.DLL
0x000007fefde10000 - 0x000007fefdea9000 	C:\Windows\system32\CLBCatQ.DLL
0x000007fef9ea0000 - 0x000007fefa001000 	C:\Windows\system32\WindowsCodecs.dll
0x000007fefd280000 - 0x000007fefd2d7000 	C:\Windows\system32\apphelp.dll
0x000007fef9670000 - 0x000007fef969b000 	C:\Users\abolt\AppData\Roaming\Dropbox\bin\DropboxExt64.24.dll
0x000007fef9800000 - 0x000007fef9925000 	C:\Windows\system32\dbghelp.dll
0x00000000743d0000 - 0x00000000744a3000 	C:\Windows\WinSxS\amd64_microsoft.vc90.crt_1fc8b3b9a1e18e3b_9.0.30729.6161_none_08e61857a83bc251\MSVCP90.dll
0x00000000744d0000 - 0x0000000074573000 	C:\Windows\WinSxS\amd64_microsoft.vc90.crt_1fc8b3b9a1e18e3b_9.0.30729.6161_none_08e61857a83bc251\MSVCR90.dll
0x0000000074ea0000 - 0x0000000074eb6000 	C:\Program Files\Common Files\TortoiseOverlays\TortoiseOverlays.dll
0x0000000074e70000 - 0x0000000074e87000 	C:\Program Files\TortoiseSVN\bin\TortoiseStub.dll
0x0000000074df0000 - 0x0000000074e6d000 	C:\Program Files\TortoiseSVN\bin\TortoiseSVN.dll
0x000007fef5a60000 - 0x000007fef5ed1000 	C:\Program Files\TortoiseSVN\bin\libsvn_tsvn.dll
0x0000000074dc0000 - 0x0000000074dee000 	C:\Program Files\TortoiseSVN\bin\libapr_tsvn.dll
0x000007fef5980000 - 0x000007fef5a54000 	C:\Windows\system32\MSVCR110.dll
0x00000000724f0000 - 0x0000000072535000 	C:\Program Files\TortoiseSVN\bin\libaprutil_tsvn.dll
0x000007fefed30000 - 0x000007fefed82000 	C:\Windows\system32\WLDAP32.dll
0x000007fef9650000 - 0x000007fef9661000 	C:\Program Files\TortoiseSVN\bin\intl3_tsvn.dll
0x000007fef9610000 - 0x000007fef9629000 	C:\Program Files\TortoiseSVN\bin\libsasl.dll
0x000007fefd5a0000 - 0x000007fefd70c000 	C:\Windows\system32\CRYPT32.dll
0x000007fefd450000 - 0x000007fefd45f000 	C:\Windows\system32\MSASN1.dll
0x000007fef58d0000 - 0x000007fef5977000 	C:\Windows\system32\MSVCP110.dll
0x000007fef9d60000 - 0x000007fef9d68000 	C:\Windows\system32\IconCodecService.dll
0x00000000690d0000 - 0x00000000690fa000 	C:\Program Files\Java\jdk1.7.0_67\jre\bin\dcpr.dll
0x000007fefd390000 - 0x000007fefd3a4000 	C:\Windows\system32\RpcRtRemote.dll
0x000007fef7300000 - 0x000007fef73a0000 	C:\Windows\WinSxS\amd64_microsoft.windows.common-controls_6595b64144ccf1df_5.82.7601.18201_none_a4d3b9377117c3df\comctl32.dll
0x000007fefbfd0000 - 0x000007fefc0fc000 	C:\Windows\system32\propsys.dll
0x000007fefc350000 - 0x000007fefc37d000 	C:\Windows\system32\ntmarta.dll
0x000007fef26e0000 - 0x000007fef287c000 	C:\Windows\system32\NetworkExplorer.dll
0x000007fef9290000 - 0x000007fef92c4000 	C:\Windows\System32\shdocvw.dll
0x000007fefbb90000 - 0x000007fefbb9b000 	C:\Windows\system32\slc.dll

VM Arguments:
jvm_args: -Dfile.encoding=Cp1252 
java_command: com.rapidminer.gui.RapidMinerGUI
Launcher Type: SUN_STANDARD

Environment Variables:
PATH=C:/Program Files/Java/jre1.8.0_20/bin/server;C:/Program Files/Java/jre1.8.0_20/bin;C:/Program Files/Java/jre1.8.0_20/lib/amd64;C:\ProgramData\Oracle\Java\javapath;C:\Windows\system32;C:\Windows;C:\Windows\System32\Wbem;C:\Windows\System32\WindowsPowerShell\v1.0\;C:\Program Files\MiKTeX 2.9\miktex\bin\x64\;C:\Program Files\TortoiseSVN\bin;C:\Program Files\eclipse;
USERNAME=abolt
OS=Windows_NT
PROCESSOR_IDENTIFIER=Intel64 Family 6 Model 69 Stepping 1, GenuineIntel



---------------  S Y S T E M  ---------------

OS: Windows 7 , 64 bit Build 7601 Service Pack 1

CPU:total 4 (2 cores per cpu, 2 threads per core) family 6 model 69 stepping 1, cmov, cx8, fxsr, mmx, sse, sse2, sse3, ssse3, sse4.1, sse4.2, popcnt, avx, avx2, aes, erms, ht, tsc, tscinvbit

Memory: 4k page, physical 8291696k(4510480k free), swap 16581532k(11612600k free)

vm_info: Java HotSpot(TM) 64-Bit Server VM (24.65-b04) for windows-amd64 JRE (1.7.0_67-b01), built on Jul 25 2014 08:55:00 by "java_re" with unknown MS VC++:1600

time: Tue Feb 03 11:31:00 2015
elapsed time: 1363 seconds

