#
# A fatal error has been detected by the Java Runtime Environment:
#
#  EXCEPTION_ACCESS_VIOLATION (0xc0000005) at pc=0x0000000064119c84, pid=4900, tid=5540
#
# JRE version: Java(TM) SE Runtime Environment (7.0_67-b01) (build 1.7.0_67-b01)
# Java VM: Java HotSpot(TM) 64-Bit Server VM (24.65-b04 mixed mode windows-amd64 compressed oops)
# Problematic frame:
# C  [awt.dll+0xb9c84]
#
# Failed to write core dump. Minidumps are not enabled by default on client versions of Windows
#
# If you would like to submit a bug report, please visit:
#   http://bugreport.sun.com/bugreport/crash.jsp
# The crash happened outside the Java Virtual Machine in native code.
# See problematic frame for where to report the bug.
#

---------------  T H R E A D  ---------------

Current thread (0x000000000ce2e800):  JavaThread "AWT-EventQueue-0" [_thread_in_native, id=5540, stack(0x000000000dc90000,0x000000000dd90000)]

siginfo: ExceptionCode=0xc0000005, reading address 0x0000000000000008

Registers:
RAX=0x000000000000000d, RBX=0x000000000ce2e9e8, RCX=0x0000000000000000, RDX=0x000000001801190f
RSP=0x000000000dd8c138, RBP=0x000000000ce2e9e8, RSI=0x000000000cdc93f0, RDI=0x000000000ce60c80
R8 =0x000000000dd8c0f8, R9 =0x0000000000000005, R10=0x0000000000000000, R11=0x000000000dd8c138
R12=0x000000001801190f, R13=0x0000000000000000, R14=0x000000000dd8c8c8, R15=0x000000000ce2e800
RIP=0x0000000064119c84, EFLAGS=0x0000000000010206

Top of Stack: (sp=0x000000000dd8c138)
0x000000000dd8c138:   00000000640d9d39 0000000000000000
0x000000000dd8c148:   000000000ce2e9e8 000000000ce2e9e8
0x000000000dd8c158:   000000000cdc93f0 0000000000000000
0x000000000dd8c168:   000000000cdc93f0 000000000dd8c8b8
0x000000000dd8c178:   00000000640ba6b1 000000000ce2e9e8
0x000000000dd8c188:   0000000000000000 000000000dd8c201
0x000000000dd8c198:   000000077ea9baa0 000000000c5c3060
0x000000000dd8c1a8:   00000000640d69a2 000000000dd8c8b8
0x000000000dd8c1b8:   000000000dd8c2b0 000000000ce2e9e8
0x000000000dd8c1c8:   00000007d78e9dc0 000000000dd8c1d0
0x000000000dd8c1d8:   000000077c94acfc 000000000dd8c298
0x000000000dd8c1e8:   00000007df3e0488 0000000000000000
0x000000000dd8c1f8:   000000077c94adb0 000000000dd8c278
0x000000000dd8c208:   00000000023a6a9e 00000000023a6a9e
0x000000000dd8c218:   00000007df3e0488 00000007df3e0390
0x000000000dd8c228:   000000000dd8c8b0 000000000ce2e9e8 

Instructions: (pc=0x0000000064119c84)
0x0000000064119c64:   5e 41 5d 41 5c 5f c3 cc 48 8b 41 08 48 05 00 04
0x0000000064119c74:   00 00 c3 cc 48 8b 41 08 48 8b 80 18 0c 00 00 c3
0x0000000064119c84:   48 8b 49 08 48 85 c9 74 05 e9 e2 69 fe ff 33 c0
0x0000000064119c94:   c3 cc cc cc 48 83 ec 28 48 8b 49 08 48 85 c9 74 


Register to memory mapping:

RAX=0x000000000000000d is an unknown value
RBX=0x000000000ce2e9e8 is an unknown value
RCX=0x0000000000000000 is an unknown value
RDX=0x000000001801190f is an unknown value
RSP=0x000000000dd8c138 is pointing into the stack for thread: 0x000000000ce2e800
RBP=0x000000000ce2e9e8 is an unknown value
RSI=0x000000000cdc93f0 is an unknown value
RDI=0x000000000ce60c80 is an unknown value
R8 =0x000000000dd8c0f8 is pointing into the stack for thread: 0x000000000ce2e800
R9 =0x0000000000000005 is an unknown value
R10=0x0000000000000000 is an unknown value
R11=0x000000000dd8c138 is pointing into the stack for thread: 0x000000000ce2e800
R12=0x000000001801190f is an unknown value
R13=0x0000000000000000 is an unknown value
R14=0x000000000dd8c8c8 is pointing into the stack for thread: 0x000000000ce2e800
R15=0x000000000ce2e800 is a thread


Stack: [0x000000000dc90000,0x000000000dd90000],  sp=0x000000000dd8c138,  free space=1008k
Native frames: (J=compiled Java code, j=interpreted, Vv=VM code, C=native code)
C  [awt.dll+0xb9c84]

Java frames: (J=compiled Java code, j=interpreted, Vv=VM code)
j  sun.java2d.windows.GDIBlitLoops.nativeBlit(Lsun/java2d/SurfaceData;Lsun/java2d/SurfaceData;Lsun/java2d/pipe/Region;IIIIIIIIIZ)V+0
j  sun.java2d.windows.GDIBlitLoops.Blit(Lsun/java2d/SurfaceData;Lsun/java2d/SurfaceData;Ljava/awt/Composite;Lsun/java2d/pipe/Region;IIIIII)V+33
j  sun.java2d.pipe.DrawImage.blitSurfaceData(Lsun/java2d/SunGraphics2D;Lsun/java2d/pipe/Region;Lsun/java2d/SurfaceData;Lsun/java2d/SurfaceData;Lsun/java2d/loops/SurfaceType;Lsun/java2d/loops/SurfaceType;IIIIIILjava/awt/Color;)V+97
j  sun.java2d.pipe.DrawImage.renderImageCopy(Lsun/java2d/SunGraphics2D;Ljava/awt/Image;Ljava/awt/Color;IIIIII)Z+77
j  sun.java2d.pipe.DrawImage.copyImage(Lsun/java2d/SunGraphics2D;Ljava/awt/Image;IILjava/awt/Color;)Z+45
j  sun.java2d.pipe.DrawImage.copyImage(Lsun/java2d/SunGraphics2D;Ljava/awt/Image;IILjava/awt/Color;Ljava/awt/image/ImageObserver;)Z+15
j  sun.java2d.pipe.ValidatePipe.copyImage(Lsun/java2d/SunGraphics2D;Ljava/awt/Image;IILjava/awt/Color;Ljava/awt/image/ImageObserver;)Z+21
j  sun.java2d.SunGraphics2D.drawImage(Ljava/awt/Image;IILjava/awt/Color;Ljava/awt/image/ImageObserver;)Z+65
j  sun.java2d.SunGraphics2D.drawImage(Ljava/awt/Image;IILjava/awt/image/ImageObserver;)Z+7
j  javax.swing.RepaintManager$PaintManager.paintDoubleBuffered(Ljavax/swing/JComponent;Ljava/awt/Image;Ljava/awt/Graphics;IIII)V+242
j  javax.swing.RepaintManager$PaintManager.paint(Ljavax/swing/JComponent;Ljavax/swing/JComponent;Ljava/awt/Graphics;IIII)Z+116
j  javax.swing.BufferStrategyPaintManager.paint(Ljavax/swing/JComponent;Ljavax/swing/JComponent;Ljava/awt/Graphics;IIII)Z+224
j  javax.swing.RepaintManager.paint(Ljavax/swing/JComponent;Ljavax/swing/JComponent;Ljava/awt/Graphics;IIII)V+52
j  javax.swing.JComponent.paint(Ljava/awt/Graphics;)V+221
j  java.awt.GraphicsCallback$PaintCallback.run(Ljava/awt/Component;Ljava/awt/Graphics;)V+2
j  sun.awt.SunGraphicsCallback.runOneComponent(Ljava/awt/Component;Ljava/awt/Rectangle;Ljava/awt/Graphics;Ljava/awt/Shape;I)V+155
j  sun.awt.SunGraphicsCallback.runComponents([Ljava/awt/Component;Ljava/awt/Graphics;I)V+194
j  java.awt.Container.paint(Ljava/awt/Graphics;)V+58
j  java.awt.Window.paint(Ljava/awt/Graphics;)V+68
j  javax.swing.RepaintManager$3.run()Ljava/lang/Void;+136
j  javax.swing.RepaintManager$3.run()Ljava/lang/Object;+1
v  ~StubRoutines::call_stub
j  java.security.AccessController.doPrivileged(Ljava/security/PrivilegedAction;Ljava/security/AccessControlContext;)Ljava/lang/Object;+0
j  java.security.ProtectionDomain$1.doIntersectionPrivilege(Ljava/security/PrivilegedAction;Ljava/security/AccessControlContext;Ljava/security/AccessControlContext;)Ljava/lang/Object;+28
j  javax.swing.RepaintManager.paintDirtyRegions(Ljava/util/Map;)V+154
j  javax.swing.RepaintManager.paintDirtyRegions()V+46
j  javax.swing.RepaintManager.prePaintDirtyRegions()V+73
j  javax.swing.RepaintManager.access$1100(Ljavax/swing/RepaintManager;)V+1
j  javax.swing.RepaintManager$ProcessingRunnable.run()V+37
j  java.awt.event.InvocationEvent.dispatch()V+47
j  java.awt.EventQueue.dispatchEventImpl(Ljava/awt/AWTEvent;Ljava/lang/Object;)V+21
j  java.awt.EventQueue.access$200(Ljava/awt/EventQueue;Ljava/awt/AWTEvent;Ljava/lang/Object;)V+3
j  java.awt.EventQueue$3.run()Ljava/lang/Void;+12
j  java.awt.EventQueue$3.run()Ljava/lang/Object;+1
v  ~StubRoutines::call_stub
j  java.security.AccessController.doPrivileged(Ljava/security/PrivilegedAction;Ljava/security/AccessControlContext;)Ljava/lang/Object;+0
j  java.security.ProtectionDomain$1.doIntersectionPrivilege(Ljava/security/PrivilegedAction;Ljava/security/AccessControlContext;Ljava/security/AccessControlContext;)Ljava/lang/Object;+28
j  java.awt.EventQueue.dispatchEvent(Ljava/awt/AWTEvent;)V+46
j  java.awt.EventDispatchThread.pumpOneEventForFilters(I)V+245
j  java.awt.EventDispatchThread.pumpEventsForFilter(ILjava/awt/Conditional;Ljava/awt/EventFilter;)V+35
j  java.awt.EventDispatchThread.pumpEventsForHierarchy(ILjava/awt/Conditional;Ljava/awt/Component;)V+11
j  java.awt.EventDispatchThread.pumpEvents(ILjava/awt/Conditional;)V+4
j  java.awt.EventDispatchThread.pumpEvents(Ljava/awt/Conditional;)V+3
j  java.awt.EventDispatchThread.run()V+9
v  ~StubRoutines::call_stub

---------------  P R O C E S S  ---------------

Java Threads: ( => current thread )
  0x000000000d510000 JavaThread "Swing-Shell" daemon [_thread_blocked, id=4968, stack(0x0000000016350000,0x0000000016450000)]
  0x000000000d513000 JavaThread "DestroyJavaVM" [_thread_blocked, id=5952, stack(0x00000000022a0000,0x00000000023a0000)]
  0x000000000d512800 JavaThread "UpdateQueue-autosave-queue" daemon [_thread_blocked, id=6016, stack(0x0000000015db0000,0x0000000015eb0000)]
  0x000000000d511800 JavaThread "ProgressThread" daemon [_thread_blocked, id=4676, stack(0x0000000015c90000,0x0000000015d90000)]
  0x000000000d511000 JavaThread "UpdateQueue-MetaDataValidation" daemon [_thread_blocked, id=4252, stack(0x0000000015900000,0x0000000015a00000)]
  0x000000000d50f800 JavaThread "UpdateQueue-macro_viewer" daemon [_thread_blocked, id=4348, stack(0x0000000014990000,0x0000000014a90000)]
  0x000000000d50e800 JavaThread "RemoteProcess-Updater" daemon [_thread_blocked, id=5544, stack(0x0000000014820000,0x0000000014920000)]
  0x000000000d50e000 JavaThread "UpdateQueue-documentation_update_queue" daemon [_thread_blocked, id=3820, stack(0x0000000010da0000,0x0000000010ea0000)]
  0x000000000d50d000 JavaThread "UpdateQueue-ResultDisplayDataTableViewUpdater" daemon [_thread_blocked, id=5276, stack(0x000000000fa10000,0x000000000fb10000)]
  0x000000000d50c800 JavaThread "SwingWorker-pool-1-thread-1" daemon [_thread_blocked, id=3576, stack(0x0000000010ed0000,0x0000000010fd0000)]
  0x000000000f1fa800 JavaThread "Abandoned connection cleanup thread" daemon [_thread_blocked, id=5148, stack(0x000000000fc70000,0x000000000fd70000)]
=>0x000000000ce2e800 JavaThread "AWT-EventQueue-0" [_thread_in_native, id=5540, stack(0x000000000dc90000,0x000000000dd90000)]
  0x000000000c897000 JavaThread "TimerQueue" daemon [_thread_blocked, id=2136, stack(0x000000000d960000,0x000000000da60000)]
  0x000000000ce0c000 JavaThread "AWT-Windows" daemon [_thread_in_native, id=4528, stack(0x000000000d820000,0x000000000d920000)]
  0x000000000ce66800 JavaThread "AWT-Shutdown" [_thread_blocked, id=3136, stack(0x000000000d6d0000,0x000000000d7d0000)]
  0x000000000ce66000 JavaThread "Java2D Disposer" daemon [_thread_blocked, id=4816, stack(0x000000000d5c0000,0x000000000d6c0000)]
  0x000000000a89d000 JavaThread "Service Thread" daemon [_thread_blocked, id=3992, stack(0x000000000c440000,0x000000000c540000)]
  0x000000000a89b800 JavaThread "C2 CompilerThread1" daemon [_thread_blocked, id=4944, stack(0x000000000c170000,0x000000000c270000)]
  0x000000000a899000 JavaThread "C2 CompilerThread0" daemon [_thread_blocked, id=4692, stack(0x000000000bff0000,0x000000000c0f0000)]
  0x000000000a898000 JavaThread "Attach Listener" daemon [_thread_blocked, id=544, stack(0x000000000b980000,0x000000000ba80000)]
  0x000000000a890800 JavaThread "Signal Dispatcher" daemon [_thread_blocked, id=5636, stack(0x000000000bde0000,0x000000000bee0000)]
  0x000000000a836800 JavaThread "Finalizer" daemon [_thread_blocked, id=5132, stack(0x000000000bc00000,0x000000000bd00000)]
  0x000000000a82f000 JavaThread "Reference Handler" daemon [_thread_blocked, id=4760, stack(0x000000000ba90000,0x000000000bb90000)]

Other Threads:
  0x000000000a829800 VMThread [stack: 0x000000000b7b0000,0x000000000b8b0000] [id=4228]
  0x000000000c56f000 WatcherThread [stack: 0x000000000c2f0000,0x000000000c3f0000] [id=1084]

VM state:not at safepoint (normal execution)

VM Mutex/Monitor currently owned by a thread: None

Heap
 PSYoungGen      total 82432K, used 46922K [0x00000007d5c80000, 0x00000007e0380000, 0x0000000800000000)
  eden space 64512K, 45% used [0x00000007d5c80000,0x00000007d7928718,0x00000007d9b80000)
  from space 17920K, 98% used [0x00000007df200000,0x00000007e032a390,0x00000007e0380000)
  to   space 22016K, 0% used [0x00000007dd880000,0x00000007dd880000,0x00000007dee00000)
 ParOldGen       total 86016K, used 48586K [0x0000000781600000, 0x0000000786a00000, 0x00000007d5c80000)
  object space 86016K, 56% used [0x0000000781600000,0x0000000784572b60,0x0000000786a00000)
 PSPermGen       total 40960K, used 40835K [0x000000077c400000, 0x000000077ec00000, 0x0000000781600000)
  object space 40960K, 99% used [0x000000077c400000,0x000000077ebe0fb8,0x000000077ec00000)

Card table byte_map: [0x00000000053a0000,0x00000000057c0000] byte_map_base: 0x00000000017be000

Polling page: 0x0000000000220000

Code Cache  [0x00000000023a0000, 0x0000000002620000, 0x00000000053a0000)
 total_blobs=1427 nmethods=815 adapters=563 free_code_cache=46690Kb largest_free_block=47735296

Compilation events (10 events):
Event: 49.980 Thread 0x000000000a89b800 nmethod 911 0x00000000025fafd0 code [0x00000000025fb120, 0x00000000025fb418]
Event: 49.981 Thread 0x000000000a89b800  912             java.awt.Toolkit::getEventQueue (7 bytes)
Event: 49.984 Thread 0x000000000a89b800 nmethod 912 0x000000000260b090 code [0x000000000260b220, 0x000000000260b598]
Event: 50.049 Thread 0x000000000a899000 nmethod 907 0x0000000002612590 code [0x0000000002612b00, 0x0000000002616398]
Event: 50.063 Thread 0x000000000a89b800  913             javax.swing.text.BoxView::layoutMajorAxis (283 bytes)
Event: 50.084 Thread 0x000000000a89b800 nmethod 913 0x00000000026052d0 code [0x00000000026054c0, 0x0000000002605cd8]
Event: 54.950 Thread 0x000000000a899000  914             java.util.ArrayList::iterator (10 bytes)
Event: 54.951 Thread 0x000000000a899000 nmethod 914 0x00000000025fad10 code [0x00000000025fae60, 0x00000000025faf38]
Event: 55.062 Thread 0x000000000a89b800  915             javax.swing.text.StyleContext$KeyEnumeration::nextElement (42 bytes)
Event: 55.063 Thread 0x000000000a89b800 nmethod 915 0x00000000025fa990 code [0x00000000025faac0, 0x00000000025fab78]

GC Heap History (10 events):
Event: 3.220 GC heap before
{Heap before GC invocations=2 (full 0):
 PSYoungGen      total 38400K, used 38398K [0x00000007d5c80000, 0x00000007d8700000, 0x0000000800000000)
  eden space 33280K, 100% used [0x00000007d5c80000,0x00000007d7d00000,0x00000007d7d00000)
  from space 5120K, 99% used [0x00000007d7d00000,0x00000007d81ffad0,0x00000007d8200000)
  to   space 5120K, 0% used [0x00000007d8200000,0x00000007d8200000,0x00000007d8700000)
 ParOldGen       total 86016K, used 6505K [0x0000000781600000, 0x0000000786a00000, 0x00000007d5c80000)
  object space 86016K, 7% used [0x0000000781600000,0x0000000781c5a7c8,0x0000000786a00000)
 PSPermGen       total 21504K, used 19310K [0x000000077c400000, 0x000000077d900000, 0x0000000781600000)
  object space 21504K, 89% used [0x000000077c400000,0x000000077d6db900,0x000000077d900000)
Event: 3.244 GC heap after
Heap after GC invocations=2 (full 0):
 PSYoungGen      total 38400K, used 5116K [0x00000007d5c80000, 0x00000007da780000, 0x0000000800000000)
  eden space 33280K, 0% used [0x00000007d5c80000,0x00000007d5c80000,0x00000007d7d00000)
  from space 5120K, 99% used [0x00000007d8200000,0x00000007d86ff0f0,0x00000007d8700000)
  to   space 5120K, 0% used [0x00000007d7d00000,0x00000007d7d00000,0x00000007d8200000)
 ParOldGen       total 86016K, used 10542K [0x0000000781600000, 0x0000000786a00000, 0x00000007d5c80000)
  object space 86016K, 12% used [0x0000000781600000,0x000000078204b8f0,0x0000000786a00000)
 PSPermGen       total 21504K, used 19310K [0x000000077c400000, 0x000000077d900000, 0x0000000781600000)
  object space 21504K, 89% used [0x000000077c400000,0x000000077d6db900,0x000000077d900000)
}
Event: 4.395 GC heap before
{Heap before GC invocations=3 (full 0):
 PSYoungGen      total 38400K, used 38396K [0x00000007d5c80000, 0x00000007da780000, 0x0000000800000000)
  eden space 33280K, 100% used [0x00000007d5c80000,0x00000007d7d00000,0x00000007d7d00000)
  from space 5120K, 99% used [0x00000007d8200000,0x00000007d86ff0f0,0x00000007d8700000)
  to   space 5120K, 0% used [0x00000007d7d00000,0x00000007d7d00000,0x00000007d8200000)
 ParOldGen       total 86016K, used 10542K [0x0000000781600000, 0x0000000786a00000, 0x00000007d5c80000)
  object space 86016K, 12% used [0x0000000781600000,0x000000078204b8f0,0x0000000786a00000)
 PSPermGen       total 24576K, used 24301K [0x000000077c400000, 0x000000077dc00000, 0x0000000781600000)
  object space 24576K, 98% used [0x000000077c400000,0x000000077dbbb7b8,0x000000077dc00000)
Event: 4.408 GC heap after
Heap after GC invocations=3 (full 0):
 PSYoungGen      total 38400K, used 5100K [0x00000007d5c80000, 0x00000007da780000, 0x0000000800000000)
  eden space 33280K, 0% used [0x00000007d5c80000,0x00000007d5c80000,0x00000007d7d00000)
  from space 5120K, 99% used [0x00000007d7d00000,0x00000007d81fb0c0,0x00000007d8200000)
  to   space 5120K, 0% used [0x00000007da280000,0x00000007da280000,0x00000007da780000)
 ParOldGen       total 86016K, used 13016K [0x0000000781600000, 0x0000000786a00000, 0x00000007d5c80000)
  object space 86016K, 15% used [0x0000000781600000,0x00000007822b6030,0x0000000786a00000)
 PSPermGen       total 24576K, used 24301K [0x000000077c400000, 0x000000077dc00000, 0x0000000781600000)
  object space 24576K, 98% used [0x000000077c400000,0x000000077dbbb7b8,0x000000077dc00000)
}
Event: 6.206 GC heap before
{Heap before GC invocations=4 (full 0):
 PSYoungGen      total 38400K, used 38380K [0x00000007d5c80000, 0x00000007da780000, 0x0000000800000000)
  eden space 33280K, 100% used [0x00000007d5c80000,0x00000007d7d00000,0x00000007d7d00000)
  from space 5120K, 99% used [0x00000007d7d00000,0x00000007d81fb0c0,0x00000007d8200000)
  to   space 5120K, 0% used [0x00000007da280000,0x00000007da280000,0x00000007da780000)
 ParOldGen       total 86016K, used 13016K [0x0000000781600000, 0x0000000786a00000, 0x00000007d5c80000)
  object space 86016K, 15% used [0x0000000781600000,0x00000007822b6030,0x0000000786a00000)
 PSPermGen       total 28160K, used 27867K [0x000000077c400000, 0x000000077df80000, 0x0000000781600000)
  object space 28160K, 98% used [0x000000077c400000,0x000000077df36d30,0x000000077df80000)
Event: 6.219 GC heap after
Heap after GC invocations=4 (full 0):
 PSYoungGen      total 71680K, used 5118K [0x00000007d5c80000, 0x00000007da780000, 0x0000000800000000)
  eden space 66560K, 0% used [0x00000007d5c80000,0x00000007d5c80000,0x00000007d9d80000)
  from space 5120K, 99% used [0x00000007da280000,0x00000007da77fab0,0x00000007da780000)
  to   space 5120K, 0% used [0x00000007d9d80000,0x00000007d9d80000,0x00000007da280000)
 ParOldGen       total 86016K, used 16442K [0x0000000781600000, 0x0000000786a00000, 0x00000007d5c80000)
  object space 86016K, 19% used [0x0000000781600000,0x000000078260ea68,0x0000000786a00000)
 PSPermGen       total 28160K, used 27867K [0x000000077c400000, 0x000000077df80000, 0x0000000781600000)
  object space 28160K, 98% used [0x000000077c400000,0x000000077df36d30,0x000000077df80000)
}
Event: 9.704 GC heap before
{Heap before GC invocations=5 (full 0):
 PSYoungGen      total 71680K, used 71678K [0x00000007d5c80000, 0x00000007da780000, 0x0000000800000000)
  eden space 66560K, 100% used [0x00000007d5c80000,0x00000007d9d80000,0x00000007d9d80000)
  from space 5120K, 99% used [0x00000007da280000,0x00000007da77fab0,0x00000007da780000)
  to   space 5120K, 0% used [0x00000007d9d80000,0x00000007d9d80000,0x00000007da280000)
 ParOldGen       total 86016K, used 16442K [0x0000000781600000, 0x0000000786a00000, 0x00000007d5c80000)
  object space 86016K, 19% used [0x0000000781600000,0x000000078260ea68,0x0000000786a00000)
 PSPermGen       total 38400K, used 37991K [0x000000077c400000, 0x000000077e980000, 0x0000000781600000)
  object space 38400K, 98% used [0x000000077c400000,0x000000077e919fc8,0x000000077e980000)
Event: 9.725 GC heap after
Heap after GC invocations=5 (full 0):
 PSYoungGen      total 71680K, used 5120K [0x00000007d5c80000, 0x00000007e0580000, 0x0000000800000000)
  eden space 66560K, 0% used [0x00000007d5c80000,0x00000007d5c80000,0x00000007d9d80000)
  from space 5120K, 100% used [0x00000007d9d80000,0x00000007da280000,0x00000007da280000)
  to   space 19968K, 0% used [0x00000007df200000,0x00000007df200000,0x00000007e0580000)
 ParOldGen       total 86016K, used 32873K [0x0000000781600000, 0x0000000786a00000, 0x00000007d5c80000)
  object space 86016K, 38% used [0x0000000781600000,0x000000078361a740,0x0000000786a00000)
 PSPermGen       total 38400K, used 37991K [0x000000077c400000, 0x000000077e980000, 0x0000000781600000)
  object space 38400K, 98% used [0x000000077c400000,0x000000077e919fc8,0x000000077e980000)
}
Event: 25.182 GC heap before
{Heap before GC invocations=6 (full 0):
 PSYoungGen      total 71680K, used 71680K [0x00000007d5c80000, 0x00000007e0580000, 0x0000000800000000)
  eden space 66560K, 100% used [0x00000007d5c80000,0x00000007d9d80000,0x00000007d9d80000)
  from space 5120K, 100% used [0x00000007d9d80000,0x00000007da280000,0x00000007da280000)
  to   space 19968K, 0% used [0x00000007df200000,0x00000007df200000,0x00000007e0580000)
 ParOldGen       total 86016K, used 32873K [0x0000000781600000, 0x0000000786a00000, 0x00000007d5c80000)
  object space 86016K, 38% used [0x0000000781600000,0x000000078361a740,0x0000000786a00000)
 PSPermGen       total 40960K, used 40647K [0x000000077c400000, 0x000000077ec00000, 0x0000000781600000)
  object space 40960K, 99% used [0x000000077c400000,0x000000077ebb1fb0,0x000000077ec00000)
Event: 25.202 GC heap after
Heap after GC invocations=6 (full 0):
 PSYoungGen      total 82432K, used 17576K [0x00000007d5c80000, 0x00000007e0380000, 0x0000000800000000)
  eden space 64512K, 0% used [0x00000007d5c80000,0x00000007d5c80000,0x00000007d9b80000)
  from space 17920K, 98% used [0x00000007df200000,0x00000007e032a390,0x00000007e0380000)
  to   space 22016K, 0% used [0x00000007dd880000,0x00000007dd880000,0x00000007dee00000)
 ParOldGen       total 86016K, used 48586K [0x0000000781600000, 0x0000000786a00000, 0x00000007d5c80000)
  object space 86016K, 56% used [0x0000000781600000,0x0000000784572b60,0x0000000786a00000)
 PSPermGen       total 40960K, used 40647K [0x000000077c400000, 0x000000077ec00000, 0x0000000781600000)
  object space 40960K, 99% used [0x000000077c400000,0x000000077ebb1fb0,0x000000077ec00000)
}

Deoptimization events (10 events):
Event: 25.290 Thread 0x000000000ce2e800 Uncommon trap: reason=class_check action=maybe_recompile pc=0x00000000025c45bc method=javax.swing.SwingUtilities.getWindowAncestor(Ljava/awt/Component;)Ljava/awt/Window; @ 17
Event: 25.290 Thread 0x000000000ce2e800 Uncommon trap: reason=class_check action=maybe_recompile pc=0x00000000025c45bc method=javax.swing.SwingUtilities.getWindowAncestor(Ljava/awt/Component;)Ljava/awt/Window; @ 17
Event: 25.295 Thread 0x000000000ce2e800 Uncommon trap: reason=unreached action=reinterpret pc=0x000000000252b294 method=javax.swing.RepaintManager.addDirtyRegion0(Ljava/awt/Container;IIII)V @ 94
Event: 48.301 Thread 0x000000000ce2e800 Uncommon trap: reason=unreached action=reinterpret pc=0x00000000025eb020 method=java.awt.Container.isParentOf(Ljava/awt/Component;)Z @ 13
Event: 48.306 Thread 0x000000000ce2e800 Uncommon trap: reason=unreached action=reinterpret pc=0x00000000025fd690 method=java.awt.KeyboardFocusManager.clearMostRecentFocusOwner(Ljava/awt/Component;)V @ 64
Event: 48.313 Thread 0x000000000ce2e800 Uncommon trap: reason=unreached action=reinterpret pc=0x000000000255ebe0 method=java.awt.EventQueue.removeSourceEvents(Ljava/lang/Object;Z)V @ 51
Event: 48.316 Thread 0x000000000ce2e800 Uncommon trap: reason=unreached action=reinterpret pc=0x00000000025d83c4 method=java.awt.Component.getInputContext()Ljava/awt/im/InputContext; @ 6
Event: 48.316 Thread 0x000000000ce2e800 Uncommon trap: reason=unreached action=reinterpret pc=0x00000000025f607c method=javax.swing.RepaintManager.collectDirtyComponents(Ljava/util/Map;Ljava/awt/Component;Ljava/util/List;)V @ 104
Event: 48.334 Thread 0x000000000ce2e800 Uncommon trap: reason=unreached action=reinterpret pc=0x00000000025fc884 method=javax.swing.SwingUtilities.getWindowAncestor(Ljava/awt/Component;)Ljava/awt/Window; @ 6
Event: 55.059 Thread 0x000000000ce2e800 Uncommon trap: reason=null_check action=make_not_entrant pc=0x0000000002615888 method=javax.swing.text.html.StyleSheet.getResolvedStyle(Ljava/lang/String;Ljava/util/Vector;Ljavax/swing/text/html/HTML$Tag;)Ljavax/swing/text/Style; @ 8

Internal exceptions (10 events):
Event: 35.329 Thread 0x000000000ce2e800 JVM_StopThread thread JavaThread 0x0000000000000000 as oop 0x00000007d6489558 [exception 0x000000000dd895b8]
Event: 37.077 Thread 0x000000000ce2e800 JVM_StopThread thread JavaThread 0x0000000000000000 as oop 0x00000007d64c3068 [exception 0x000000000dd895b8]
Event: 38.486 Thread 0x000000000ce2e800 JVM_StopThread thread JavaThread 0x0000000000000000 as oop 0x00000007d6547620 [exception 0x000000000dd89388]
Event: 39.063 Thread 0x000000000ce2e800 JVM_StopThread thread JavaThread 0x0000000000000000 as oop 0x00000007d65a30d0 [exception 0x000000000dd89388]
Event: 39.406 Thread 0x000000000ce2e800 JVM_StopThread thread JavaThread 0x0000000000000000 as oop 0x00000007d65f7770 [exception 0x000000000dd89388]
Event: 41.241 Thread 0x000000000ce2e800 JVM_StopThread thread JavaThread 0x0000000000000000 as oop 0x00000007d662bc50 [exception 0x000000000dd895b8]
Event: 47.366 Thread 0x000000000ce2e800 JVM_StopThread thread JavaThread 0x0000000000000000 as oop 0x00000007d66ce1e0 [exception 0x000000000dd895b8]
Event: 48.300 Thread 0x000000000ce2e800 JVM_StopThread thread JavaThread 0x0000000000000000 as oop 0x00000007d6781e78 [exception 0x000000000dd89ac0]
Event: 48.316 Thread 0x000000000ce2e800 Implicit null exception at 0x00000000025f5738 to 0x00000000025f604d
Event: 55.059 Thread 0x000000000ce2e800 Implicit null exception at 0x00000000026130d3 to 0x0000000002615879

Events (10 events):
Event: 54.981 Thread 0x000000000ce83800 Thread exited: 0x000000000ce83800
Event: 55.059 Thread 0x000000000ce2e800 Uncommon trap: trap_request=0xfffffff4 fr.pc=0x0000000002615888
Event: 55.059 Executing VM operation: RevokeBias
Event: 55.059 Executing VM operation: RevokeBias done
Event: 55.059 Thread 0x000000000ce2e800 DEOPT PACKING pc=0x0000000002615888 sp=0x000000000dd8a050
Event: 55.059 Thread 0x000000000ce2e800 DEOPT UNPACKING pc=0x00000000023d75a4 sp=0x000000000dd89fd0 mode 2
Event: 55.061 Executing VM operation: BulkRevokeBias
Event: 55.061 Executing VM operation: BulkRevokeBias done
Event: 55.258 loading class 0x000000000c7f69a0
Event: 55.259 loading class 0x000000000c7f69a0 done


Dynamic libraries:
0x000000013f520000 - 0x000000013f553000 	C:\Program Files\Java\jdk1.7.0_67\bin\javaw.exe
0x00000000778b0000 - 0x0000000077a59000 	C:\Windows\SYSTEM32\ntdll.dll
0x0000000077690000 - 0x00000000777af000 	C:\Windows\system32\kernel32.dll
0x000007fefd960000 - 0x000007fefd9cc000 	C:\Windows\system32\KERNELBASE.dll
0x000007feff790000 - 0x000007feff86b000 	C:\Windows\system32\ADVAPI32.dll
0x000007fefdbd0000 - 0x000007fefdc6f000 	C:\Windows\system32\msvcrt.dll
0x000007feff6b0000 - 0x000007feff6cf000 	C:\Windows\SYSTEM32\sechost.dll
0x000007feff870000 - 0x000007feff99d000 	C:\Windows\system32\RPCRT4.dll
0x00000000777b0000 - 0x00000000778aa000 	C:\Windows\system32\USER32.dll
0x000007feff9a0000 - 0x000007feffa07000 	C:\Windows\system32\GDI32.dll
0x000007fefdab0000 - 0x000007fefdabe000 	C:\Windows\system32\LPK.dll
0x000007feffa10000 - 0x000007feffad9000 	C:\Windows\system32\USP10.dll
0x000007fefbb80000 - 0x000007fefbd74000 	C:\Windows\WinSxS\amd64_microsoft.windows.common-controls_6595b64144ccf1df_6.0.7601.17514_none_fa396087175ac9ac\COMCTL32.dll
0x000007fefda30000 - 0x000007fefdaa1000 	C:\Windows\system32\SHLWAPI.dll
0x000007fefeef0000 - 0x000007fefef1e000 	C:\Windows\system32\IMM32.DLL
0x000007fefdac0000 - 0x000007fefdbc9000 	C:\Windows\system32\MSCTF.dll
0x0000000069e90000 - 0x0000000069f62000 	C:\Program Files\Java\jdk1.7.0_67\jre\bin\msvcr100.dll
0x0000000052c50000 - 0x0000000053422000 	C:\Program Files\Java\jdk1.7.0_67\jre\bin\server\jvm.dll
0x000007fef7760000 - 0x000007fef7769000 	C:\Windows\system32\WSOCK32.dll
0x000007feff660000 - 0x000007feff6ad000 	C:\Windows\system32\WS2_32.dll
0x000007fefef20000 - 0x000007fefef28000 	C:\Windows\system32\NSI.dll
0x000007fefa670000 - 0x000007fefa6ab000 	C:\Windows\system32\WINMM.dll
0x0000000077a70000 - 0x0000000077a77000 	C:\Windows\system32\PSAPI.DLL
0x0000000072920000 - 0x000000007292f000 	C:\Program Files\Java\jdk1.7.0_67\jre\bin\verify.dll
0x000000006a440000 - 0x000000006a468000 	C:\Program Files\Java\jdk1.7.0_67\jre\bin\java.dll
0x0000000072410000 - 0x0000000072425000 	C:\Program Files\Java\jdk1.7.0_67\jre\bin\zip.dll
0x0000000071ed0000 - 0x0000000071ee9000 	C:\Program Files\Java\jdk1.7.0_67\jre\bin\net.dll
0x000007fefce50000 - 0x000007fefcea5000 	C:\Windows\system32\mswsock.dll
0x000007fefce40000 - 0x000007fefce47000 	C:\Windows\System32\wship6.dll
0x000000006be30000 - 0x000000006be41000 	C:\Program Files\Java\jdk1.7.0_67\jre\bin\nio.dll
0x0000000064060000 - 0x00000000641f5000 	C:\Program Files\Java\jdk1.7.0_67\jre\bin\awt.dll
0x000007fefee10000 - 0x000007fefeee7000 	C:\Windows\system32\OLEAUT32.dll
0x000007feff180000 - 0x000007feff383000 	C:\Windows\system32\ole32.dll
0x000007fefab90000 - 0x000007fefabe6000 	C:\Windows\system32\uxtheme.dll
0x000007fefa530000 - 0x000007fefa548000 	C:\Windows\system32\dwmapi.dll
0x000007fefd510000 - 0x000007fefd51f000 	C:\Windows\system32\CRYPTBASE.dll
0x000007fefdfe0000 - 0x000007fefed68000 	C:\Windows\system32\SHELL32.dll
0x000007fefceb0000 - 0x000007fefcec7000 	C:\Windows\system32\CRYPTSP.dll
0x000007fefcbb0000 - 0x000007fefcbf7000 	C:\Windows\system32\rsaenh.dll
0x000007fefd690000 - 0x000007fefd6ae000 	C:\Windows\system32\USERENV.dll
0x000007fefd670000 - 0x000007fefd67f000 	C:\Windows\system32\profapi.dll
0x000007fefb950000 - 0x000007fefb977000 	C:\Windows\system32\IPHLPAPI.DLL
0x000007fefb940000 - 0x000007fefb94b000 	C:\Windows\system32\WINNSI.DLL
0x000007fefb730000 - 0x000007fefb741000 	C:\Windows\system32\dhcpcsvc6.DLL
0x000007fefb750000 - 0x000007fefb768000 	C:\Windows\system32\dhcpcsvc.DLL
0x0000000069ab0000 - 0x0000000069af7000 	C:\Program Files\Java\jdk1.7.0_67\jre\bin\fontmanager.dll
0x0000000069a60000 - 0x0000000069aa1000 	C:\Program Files\Java\jdk1.7.0_67\jre\bin\t2k.dll
0x0000000072360000 - 0x000000007236b000 	C:\Program Files\Java\jdk1.7.0_67\jre\bin\management.dll
0x000000006a410000 - 0x000000006a434000 	C:\Program Files\Java\jdk1.7.0_67\jre\bin\sunec.dll
0x000007fefbf90000 - 0x000007fefbfa5000 	C:\Windows\system32\NLAapi.dll
0x000007fef9310000 - 0x000007fef9325000 	C:\Windows\system32\napinsp.dll
0x000007fef92f0000 - 0x000007fef9309000 	C:\Windows\system32\pnrpnsp.dll
0x000007fefccd0000 - 0x000007fefcd2b000 	C:\Windows\system32\DNSAPI.dll
0x000007fef92a0000 - 0x000007fef92ab000 	C:\Windows\System32\winrnr.dll
0x000007fef9200000 - 0x000007fef9210000 	C:\Windows\system32\wshbth.dll
0x000007fefc820000 - 0x000007fefc827000 	C:\Windows\System32\wshtcpip.dll
0x000007fef8880000 - 0x000007fef8888000 	C:\Windows\system32\rasadhlp.dll
0x000007fefb7d0000 - 0x000007fefb823000 	C:\Windows\System32\fwpuclnt.dll
0x000007fefed70000 - 0x000007fefee07000 	C:\Windows\system32\COMDLG32.dll
0x000007fef7b50000 - 0x000007fef7bc1000 	C:\Windows\system32\WINSPOOL.DRV
0x0000000070000000 - 0x00000000700a6000 	C:\Windows\system32\spool\DRIVERS\x64\3\KOAYTJ_C.DLL
0x000007fefc750000 - 0x000007fefc75c000 	C:\Windows\system32\VERSION.dll
0x0000000050000000 - 0x00000000505f1000 	C:\Windows\system32\spool\DRIVERS\x64\3\KOAYTJ_U.DLL
0x000007fefdc70000 - 0x000007fefde47000 	C:\Windows\system32\SETUPAPI.dll
0x000007fefd9d0000 - 0x000007fefda06000 	C:\Windows\system32\CFGMGR32.dll
0x000007fefd8d0000 - 0x000007fefd8ea000 	C:\Windows\system32\DEVOBJ.dll
0x00000000120a0000 - 0x00000000123fe000 	C:\Windows\system32\spool\DRIVERS\x64\3\KOAYTJ_R.DLL
0x0000000005f10000 - 0x0000000005f45000 	C:\Windows\system32\spool\DRIVERS\x64\3\KOAYTJ_S.DLL
0x0000000180000000 - 0x00000001800b3000 	C:\Windows\system32\spool\DRIVERS\x64\3\KOAYTJ_O.DLL
0x000007fefef30000 - 0x000007feff178000 	C:\Windows\system32\WININET.dll
0x000007fefda10000 - 0x000007fefda14000 	C:\Windows\system32\api-ms-win-downlevel-user32-l1-1-0.dll
0x000007fefd950000 - 0x000007fefd954000 	C:\Windows\system32\api-ms-win-downlevel-shlwapi-l1-1-0.dll
0x000007fefd8f0000 - 0x000007fefd8f4000 	C:\Windows\system32\api-ms-win-downlevel-version-l1-1-0.dll
0x000007fefda20000 - 0x000007fefda23000 	C:\Windows\system32\api-ms-win-downlevel-normaliz-l1-1-0.dll
0x0000000077a80000 - 0x0000000077a83000 	C:\Windows\system32\normaliz.DLL
0x000007feff390000 - 0x000007feff657000 	C:\Windows\system32\iertutil.dll
0x000007fefd940000 - 0x000007fefd945000 	C:\Windows\system32\api-ms-win-downlevel-advapi32-l1-1-0.dll
0x0000000012b00000 - 0x00000000131db000 	C:\Windows\system32\spool\DRIVERS\x64\3\KOAYTJ_D.DLL
0x000007fef8840000 - 0x000007fef884a000 	C:\Windows\system32\MGMTAPI.DLL
0x000007fef7ad0000 - 0x000007fef7adb000 	C:\Windows\system32\snmpapi.dll
0x000007fef7ab0000 - 0x000007fef7ac4000 	C:\Windows\system32\wsnmp32.dll
0x000007fefd2b0000 - 0x000007fefd2bb000 	C:\Windows\system32\Secur32.dll
0x000007fefd480000 - 0x000007fefd4a5000 	C:\Windows\system32\SSPICLI.DLL
0x0000000071900000 - 0x000000007196d000 	C:\Windows\system32\spool\DRIVERS\x64\3\KOAYTJ_T.dll
0x0000000069fd0000 - 0x000000006a004000 	C:\Windows\system32\spool\DRIVERS\x64\3\KOAYTJ_Y.DLL
0x0000000005a70000 - 0x0000000005a79000 	C:\Windows\system32\spool\DRIVERS\x64\3\KOAYTJ_G.DLL
0x0000000014640000 - 0x0000000014773000 	C:\Windows\system32\spool\DRIVERS\x64\3\KOAYTJ_X.DLL
0x000007feff6d0000 - 0x000007feff769000 	C:\Windows\system32\CLBCatQ.DLL
0x000007fefa3c0000 - 0x000007fefa521000 	C:\Windows\system32\WindowsCodecs.dll
0x000007fefd4b0000 - 0x000007fefd507000 	C:\Windows\system32\apphelp.dll
0x000007fef9c60000 - 0x000007fef9c91000 	C:\Users\abolt\AppData\Roaming\Dropbox\bin\DropboxExt64.25.dll
0x0000000075190000 - 0x00000000751a6000 	C:\Program Files\Common Files\TortoiseOverlays\TortoiseOverlays.dll
0x0000000075160000 - 0x0000000075177000 	C:\Program Files\TortoiseSVN\bin\TortoiseStub.dll
0x00000000750e0000 - 0x000000007515d000 	C:\Program Files\TortoiseSVN\bin\TortoiseSVN.dll
0x000007fef5b10000 - 0x000007fef5f81000 	C:\Program Files\TortoiseSVN\bin\libsvn_tsvn.dll
0x00000000750b0000 - 0x00000000750de000 	C:\Program Files\TortoiseSVN\bin\libapr_tsvn.dll
0x000007fef5a30000 - 0x000007fef5b04000 	C:\Windows\system32\MSVCR110.dll
0x0000000074ea0000 - 0x0000000074ee5000 	C:\Program Files\TortoiseSVN\bin\libaprutil_tsvn.dll
0x000007feffae0000 - 0x000007feffb32000 	C:\Windows\system32\WLDAP32.dll
0x000007fefa270000 - 0x000007fefa281000 	C:\Program Files\TortoiseSVN\bin\intl3_tsvn.dll
0x000007fef9c40000 - 0x000007fef9c59000 	C:\Program Files\TortoiseSVN\bin\libsasl.dll
0x000007fefd760000 - 0x000007fefd8cd000 	C:\Windows\system32\CRYPT32.dll
0x000007fefd680000 - 0x000007fefd68f000 	C:\Windows\system32\MSASN1.dll
0x000007fef5980000 - 0x000007fef5a27000 	C:\Windows\system32\MSVCP110.dll
0x000007fef9c30000 - 0x000007fef9c38000 	C:\Windows\system32\IconCodecService.dll
0x0000000069a10000 - 0x0000000069a3a000 	C:\Program Files\Java\jdk1.7.0_67\jre\bin\dcpr.dll
0x000007fefd5c0000 - 0x000007fefd5d4000 	C:\Windows\system32\RpcRtRemote.dll
0x000007fef77b0000 - 0x000007fef7850000 	C:\Windows\WinSxS\amd64_microsoft.windows.common-controls_6595b64144ccf1df_5.82.7601.18201_none_a4d3b9377117c3df\comctl32.dll
0x000007fefc1f0000 - 0x000007fefc31c000 	C:\Windows\system32\propsys.dll
0x000007fefc580000 - 0x000007fefc5ad000 	C:\Windows\system32\ntmarta.dll
0x000007fef4530000 - 0x000007fef46cc000 	C:\Windows\system32\NetworkExplorer.dll
0x000007fef97a0000 - 0x000007fef97d4000 	C:\Windows\System32\shdocvw.dll
0x000007fefbdc0000 - 0x000007fefbdcb000 	C:\Windows\system32\slc.dll
0x000007fef87b0000 - 0x000007fef87c0000 	C:\Program Files\Common Files\Microsoft Shared\OFFICE14\MSOXEV.DLL
0x0000000070170000 - 0x0000000070213000 	C:\Windows\WinSxS\amd64_microsoft.vc90.crt_1fc8b3b9a1e18e3b_9.0.30729.6161_none_08e61857a83bc251\MSVCR90.dll
0x000007fefab30000 - 0x000007fefab48000 	C:\Windows\system32\MPR.dll
0x000007fef88c0000 - 0x000007fef88ca000 	C:\Windows\System32\drprov.dll
0x000007fefc9e0000 - 0x000007fefca1d000 	C:\Windows\System32\WINSTA.dll
0x000007fef8360000 - 0x000007fef8382000 	C:\Windows\System32\ntlanman.dll
0x000007fef8340000 - 0x000007fef835d000 	C:\Windows\System32\davclnt.dll
0x000007fef8830000 - 0x000007fef883a000 	C:\Windows\System32\DAVHLPR.dll
0x000007fefb040000 - 0x000007fefb055000 	C:\Windows\system32\wkscli.dll
0x000007fef8270000 - 0x000007fef827f000 	C:\Windows\system32\cscapi.dll
0x000007fefcae0000 - 0x000007fefcaec000 	C:\Windows\system32\netutils.dll
0x000007feed080000 - 0x000007feed2f1000 	C:\Windows\system32\wpdshext.dll
0x000007fefa900000 - 0x000007fefab16000 	C:\Windows\WinSxS\amd64_microsoft.windows.gdiplus_6595b64144ccf1df_1.1.7601.18455_none_2b283fd671e9bf4d\gdiplus.dll
0x000007fef8440000 - 0x000007fef84fd000 	C:\Windows\system32\PortableDeviceApi.dll
0x000007fefd900000 - 0x000007fefd93b000 	C:\Windows\system32\WINTRUST.dll

VM Arguments:
jvm_args: -Dfile.encoding=Cp1252 
java_command: com.rapidminer.gui.RapidMinerGUI
Launcher Type: SUN_STANDARD

Environment Variables:
PATH=C:/Program Files/Java/jre1.8.0_20/bin/server;C:/Program Files/Java/jre1.8.0_20/bin;C:/Program Files/Java/jre1.8.0_20/lib/amd64;C:\ProgramData\Oracle\Java\javapath;C:\Windows\system32;C:\Windows;C:\Windows\System32\Wbem;C:\Windows\System32\WindowsPowerShell\v1.0\;C:\Program Files\MiKTeX 2.9\miktex\bin\x64\;C:\Program Files\TortoiseSVN\bin;C:\Program Files\eclipse;
USERNAME=abolt
OS=Windows_NT
PROCESSOR_IDENTIFIER=Intel64 Family 6 Model 69 Stepping 1, GenuineIntel



---------------  S Y S T E M  ---------------

OS: Windows 7 , 64 bit Build 7601 Service Pack 1

CPU:total 4 (2 cores per cpu, 2 threads per core) family 6 model 69 stepping 1, cmov, cx8, fxsr, mmx, sse, sse2, sse3, ssse3, sse4.1, sse4.2, popcnt, avx, avx2, aes, erms, ht, tsc, tscinvbit

Memory: 4k page, physical 8291696k(4379708k free), swap 16581536k(11518396k free)

vm_info: Java HotSpot(TM) 64-Bit Server VM (24.65-b04) for windows-amd64 JRE (1.7.0_67-b01), built on Jul 25 2014 08:55:00 by "java_re" with unknown MS VC++:1600

time: Mon Mar 02 13:50:32 2015
elapsed time: 63 seconds

