#
# A fatal error has been detected by the Java Runtime Environment:
#
#  EXCEPTION_ACCESS_VIOLATION (0xc0000005) at pc=0x000000006d829c84, pid=3884, tid=1140
#
# JRE version: Java(TM) SE Runtime Environment (7.0_67-b01) (build 1.7.0_67-b01)
# Java VM: Java HotSpot(TM) 64-Bit Server VM (24.65-b04 mixed mode windows-amd64 compressed oops)
# Problematic frame:
# C  [awt.dll+0xb9c84]
#
# Failed to write core dump. Minidumps are not enabled by default on client versions of Windows
#
# If you would like to submit a bug report, please visit:
#   http://bugreport.sun.com/bugreport/crash.jsp
# The crash happened outside the Java Virtual Machine in native code.
# See problematic frame for where to report the bug.
#

---------------  T H R E A D  ---------------

Current thread (0x000000000cfed000):  JavaThread "AWT-EventQueue-0" [_thread_in_native, id=1140, stack(0x000000000e0c0000,0x000000000e1c0000)]

siginfo: ExceptionCode=0xc0000005, reading address 0x0000000000000008

Registers:
RAX=0x000000000000000d, RBX=0x000000000cfed1e8, RCX=0x0000000000000000, RDX=0x000000003c011d0d
RSP=0x000000000e1bb018, RBP=0x000000000cfed1e8, RSI=0x0000000011586d10, RDI=0x000000000cf5eb10
R8 =0x000000000e1bafd8, R9 =0x0000000000000005, R10=0x0000000000000000, R11=0x000000000e1bb018
R12=0x000000003c011d0d, R13=0x0000000000000000, R14=0x000000000e1bb7a8, R15=0x000000000cfed000
RIP=0x000000006d829c84, EFLAGS=0x0000000000010202

Top of Stack: (sp=0x000000000e1bb018)
0x000000000e1bb018:   000000006d7e9d39 0000000000000000
0x000000000e1bb028:   000000000cfed1e8 000000000cfed1e8
0x000000000e1bb038:   0000000011586d10 0000000000000000
0x000000000e1bb048:   0000000011586d10 000000000e1bb798
0x000000000e1bb058:   000000006d7ca6b1 000000000cfed1e8
0x000000000e1bb068:   0000000000000000 000000000e1bb101
0x000000000e1bb078:   0000000000000000 00000000114dc310
0x000000000e1bb088:   000000006d7e69a2 000000000e1bb798
0x000000000e1bb098:   000000000e1bb190 000000000cfed1e8
0x000000000e1bb0a8:   00000007d9e13b08 000000000cfed000
0x000000000e1bb0b8:   000000000cfed000 000000000e1bb280
0x000000000e1bb0c8:   0000000000000000 00000007817152e0
0x000000000e1bb0d8:   00000000674b1c0c 00000007817152e0
0x000000000e1bb0e8:   000000000e1bb1d0 000000000cfed000
0x000000000e1bb0f8:   00000007dea2e980 000000000c8943e0
0x000000000e1bb108:   000000000e1bb790 000000000cfed1e8 

Instructions: (pc=0x000000006d829c84)
0x000000006d829c64:   5e 41 5d 41 5c 5f c3 cc 48 8b 41 08 48 05 00 04
0x000000006d829c74:   00 00 c3 cc 48 8b 41 08 48 8b 80 18 0c 00 00 c3
0x000000006d829c84:   48 8b 49 08 48 85 c9 74 05 e9 e2 69 fe ff 33 c0
0x000000006d829c94:   c3 cc cc cc 48 83 ec 28 48 8b 49 08 48 85 c9 74 


Register to memory mapping:

RAX=0x000000000000000d is an unknown value
RBX=0x000000000cfed1e8 is an unknown value
RCX=0x0000000000000000 is an unknown value
RDX=0x000000003c011d0d is an unknown value
RSP=0x000000000e1bb018 is pointing into the stack for thread: 0x000000000cfed000
RBP=0x000000000cfed1e8 is an unknown value
RSI=0x0000000011586d10 is an unknown value
RDI=0x000000000cf5eb10 is an unknown value
R8 =0x000000000e1bafd8 is pointing into the stack for thread: 0x000000000cfed000
R9 =0x0000000000000005 is an unknown value
R10=0x0000000000000000 is an unknown value
R11=0x000000000e1bb018 is pointing into the stack for thread: 0x000000000cfed000
R12=0x000000003c011d0d is an unknown value
R13=0x0000000000000000 is an unknown value
R14=0x000000000e1bb7a8 is pointing into the stack for thread: 0x000000000cfed000
R15=0x000000000cfed000 is a thread


Stack: [0x000000000e0c0000,0x000000000e1c0000],  sp=0x000000000e1bb018,  free space=1004k
Native frames: (J=compiled Java code, j=interpreted, Vv=VM code, C=native code)
C  [awt.dll+0xb9c84]

Java frames: (J=compiled Java code, j=interpreted, Vv=VM code)
j  sun.java2d.windows.GDIBlitLoops.nativeBlit(Lsun/java2d/SurfaceData;Lsun/java2d/SurfaceData;Lsun/java2d/pipe/Region;IIIIIIIIIZ)V+0
j  sun.java2d.windows.GDIBlitLoops.Blit(Lsun/java2d/SurfaceData;Lsun/java2d/SurfaceData;Ljava/awt/Composite;Lsun/java2d/pipe/Region;IIIIII)V+33
j  sun.java2d.pipe.DrawImage.blitSurfaceData(Lsun/java2d/SunGraphics2D;Lsun/java2d/pipe/Region;Lsun/java2d/SurfaceData;Lsun/java2d/SurfaceData;Lsun/java2d/loops/SurfaceType;Lsun/java2d/loops/SurfaceType;IIIIIILjava/awt/Color;)V+97
j  sun.java2d.pipe.DrawImage.renderImageCopy(Lsun/java2d/SunGraphics2D;Ljava/awt/Image;Ljava/awt/Color;IIIIII)Z+77
j  sun.java2d.pipe.DrawImage.copyImage(Lsun/java2d/SunGraphics2D;Ljava/awt/Image;IILjava/awt/Color;)Z+45
j  sun.java2d.pipe.DrawImage.copyImage(Lsun/java2d/SunGraphics2D;Ljava/awt/Image;IILjava/awt/Color;Ljava/awt/image/ImageObserver;)Z+15
j  sun.java2d.pipe.ValidatePipe.copyImage(Lsun/java2d/SunGraphics2D;Ljava/awt/Image;IILjava/awt/Color;Ljava/awt/image/ImageObserver;)Z+21
j  sun.java2d.SunGraphics2D.drawImage(Ljava/awt/Image;IILjava/awt/Color;Ljava/awt/image/ImageObserver;)Z+65
j  sun.java2d.SunGraphics2D.drawImage(Ljava/awt/Image;IILjava/awt/image/ImageObserver;)Z+7
j  javax.swing.RepaintManager$PaintManager.paintDoubleBuffered(Ljavax/swing/JComponent;Ljava/awt/Image;Ljava/awt/Graphics;IIII)V+242
j  javax.swing.RepaintManager$PaintManager.paint(Ljavax/swing/JComponent;Ljavax/swing/JComponent;Ljava/awt/Graphics;IIII)Z+116
j  javax.swing.BufferStrategyPaintManager.paint(Ljavax/swing/JComponent;Ljavax/swing/JComponent;Ljava/awt/Graphics;IIII)Z+224
j  javax.swing.RepaintManager.paint(Ljavax/swing/JComponent;Ljavax/swing/JComponent;Ljava/awt/Graphics;IIII)V+52
j  javax.swing.JComponent.paint(Ljava/awt/Graphics;)V+221
j  java.awt.GraphicsCallback$PaintCallback.run(Ljava/awt/Component;Ljava/awt/Graphics;)V+2
j  sun.awt.SunGraphicsCallback.runOneComponent(Ljava/awt/Component;Ljava/awt/Rectangle;Ljava/awt/Graphics;Ljava/awt/Shape;I)V+155
j  sun.awt.SunGraphicsCallback.runComponents([Ljava/awt/Component;Ljava/awt/Graphics;I)V+194
j  java.awt.Container.paint(Ljava/awt/Graphics;)V+58
j  java.awt.Window.paint(Ljava/awt/Graphics;)V+68
j  javax.swing.RepaintManager$3.run()Ljava/lang/Void;+136
j  javax.swing.RepaintManager$3.run()Ljava/lang/Object;+1
v  ~StubRoutines::call_stub
j  java.security.AccessController.doPrivileged(Ljava/security/PrivilegedAction;Ljava/security/AccessControlContext;)Ljava/lang/Object;+0
j  java.security.ProtectionDomain$1.doIntersectionPrivilege(Ljava/security/PrivilegedAction;Ljava/security/AccessControlContext;Ljava/security/AccessControlContext;)Ljava/lang/Object;+28
j  javax.swing.RepaintManager.paintDirtyRegions(Ljava/util/Map;)V+154
j  javax.swing.RepaintManager.paintDirtyRegions()V+46
j  javax.swing.RepaintManager.prePaintDirtyRegions()V+73
j  javax.swing.RepaintManager.access$1100(Ljavax/swing/RepaintManager;)V+1
j  javax.swing.RepaintManager$ProcessingRunnable.run()V+37
j  java.awt.event.InvocationEvent.dispatch()V+47
j  java.awt.EventQueue.dispatchEventImpl(Ljava/awt/AWTEvent;Ljava/lang/Object;)V+21
j  java.awt.EventQueue.access$200(Ljava/awt/EventQueue;Ljava/awt/AWTEvent;Ljava/lang/Object;)V+3
j  java.awt.EventQueue$3.run()Ljava/lang/Void;+12
j  java.awt.EventQueue$3.run()Ljava/lang/Object;+1
v  ~StubRoutines::call_stub
j  java.security.AccessController.doPrivileged(Ljava/security/PrivilegedAction;Ljava/security/AccessControlContext;)Ljava/lang/Object;+0
J 1013 C2 java.awt.EventDispatchThread.pumpOneEventForFilters(I)V (295 bytes) @ 0x00000000027f1038 [0x00000000027f0800+0x838]
j  java.awt.EventDispatchThread.pumpEventsForFilter(ILjava/awt/Conditional;Ljava/awt/EventFilter;)V+35
j  java.awt.EventDispatchThread.pumpEventsForFilter(Ljava/awt/Conditional;Ljava/awt/EventFilter;)V+4
j  java.awt.WaitDispatchSupport$2.run()V+59
j  java.awt.event.InvocationEvent.dispatch()V+47
j  java.awt.EventQueue.dispatchEventImpl(Ljava/awt/AWTEvent;Ljava/lang/Object;)V+21
j  java.awt.EventQueue.access$200(Ljava/awt/EventQueue;Ljava/awt/AWTEvent;Ljava/lang/Object;)V+3
j  java.awt.EventQueue$3.run()Ljava/lang/Void;+12
j  java.awt.EventQueue$3.run()Ljava/lang/Object;+1
v  ~StubRoutines::call_stub
j  java.security.AccessController.doPrivileged(Ljava/security/PrivilegedAction;Ljava/security/AccessControlContext;)Ljava/lang/Object;+0
j  java.security.ProtectionDomain$1.doIntersectionPrivilege(Ljava/security/PrivilegedAction;Ljava/security/AccessControlContext;Ljava/security/AccessControlContext;)Ljava/lang/Object;+28
j  java.awt.EventQueue.dispatchEvent(Ljava/awt/AWTEvent;)V+46
j  java.awt.EventDispatchThread.pumpOneEventForFilters(I)V+245
j  java.awt.EventDispatchThread.pumpEventsForFilter(ILjava/awt/Conditional;Ljava/awt/EventFilter;)V+35
j  java.awt.EventDispatchThread.pumpEventsForHierarchy(ILjava/awt/Conditional;Ljava/awt/Component;)V+11
j  java.awt.EventDispatchThread.pumpEvents(ILjava/awt/Conditional;)V+4
j  java.awt.EventDispatchThread.pumpEvents(Ljava/awt/Conditional;)V+3
j  java.awt.EventDispatchThread.run()V+9
v  ~StubRoutines::call_stub

---------------  P R O C E S S  ---------------

Java Threads: ( => current thread )
  0x0000000010b35000 JavaThread "ProcessThread" [_thread_blocked, id=2308, stack(0x0000000015d10000,0x0000000015e10000)]
  0x0000000010b34000 JavaThread "DestroyJavaVM" [_thread_blocked, id=5544, stack(0x0000000002490000,0x0000000002590000)]
  0x0000000010b33800 JavaThread "UpdateQueue-autosave-queue" daemon [_thread_blocked, id=1076, stack(0x00000000161d0000,0x00000000162d0000)]
  0x0000000010b32800 JavaThread "ProgressThread" daemon [_thread_blocked, id=6076, stack(0x00000000160c0000,0x00000000161c0000)]
  0x0000000010b32000 JavaThread "UpdateQueue-MetaDataValidation" daemon [_thread_blocked, id=4608, stack(0x0000000015e70000,0x0000000015f70000)]
  0x0000000010b30800 JavaThread "UpdateQueue-macro_viewer" daemon [_thread_blocked, id=5528, stack(0x0000000014990000,0x0000000014a90000)]
  0x0000000010b2f800 JavaThread "RemoteProcess-Updater" daemon [_thread_blocked, id=4932, stack(0x0000000014ad0000,0x0000000014bd0000)]
  0x0000000010b2f000 JavaThread "UpdateQueue-documentation_update_queue" daemon [_thread_blocked, id=5780, stack(0x00000000121d0000,0x00000000122d0000)]
  0x0000000010b2e000 JavaThread "UpdateQueue-ResultDisplayDataTableViewUpdater" daemon [_thread_blocked, id=4128, stack(0x0000000011df0000,0x0000000011ef0000)]
  0x000000000ff18000 JavaThread "SwingWorker-pool-1-thread-1" daemon [_thread_blocked, id=5540, stack(0x0000000011f80000,0x0000000012080000)]
  0x000000000f204800 JavaThread "Abandoned connection cleanup thread" daemon [_thread_blocked, id=5800, stack(0x000000000fc40000,0x000000000fd40000)]
=>0x000000000cfed000 JavaThread "AWT-EventQueue-0" [_thread_in_native, id=1140, stack(0x000000000e0c0000,0x000000000e1c0000)]
  0x000000000cff3000 JavaThread "TimerQueue" daemon [_thread_blocked, id=5820, stack(0x000000000dc70000,0x000000000dd70000)]
  0x000000000c806000 JavaThread "AWT-Windows" daemon [_thread_in_native, id=4044, stack(0x000000000da40000,0x000000000db40000)]
  0x000000000cebf800 JavaThread "AWT-Shutdown" [_thread_blocked, id=4316, stack(0x000000000d890000,0x000000000d990000)]
  0x000000000cf0c000 JavaThread "Java2D Disposer" daemon [_thread_blocked, id=2516, stack(0x000000000d730000,0x000000000d830000)]
  0x000000000aac9000 JavaThread "Service Thread" daemon [_thread_blocked, id=5932, stack(0x000000000bfe0000,0x000000000c0e0000)]
  0x000000000aac7000 JavaThread "C2 CompilerThread1" daemon [_thread_blocked, id=796, stack(0x000000000c3b0000,0x000000000c4b0000)]
  0x000000000aac1800 JavaThread "C2 CompilerThread0" daemon [_thread_blocked, id=156, stack(0x000000000c230000,0x000000000c330000)]
  0x000000000aac0000 JavaThread "Attach Listener" daemon [_thread_blocked, id=5744, stack(0x000000000c130000,0x000000000c230000)]
  0x000000000aab9000 JavaThread "Signal Dispatcher" daemon [_thread_blocked, id=2880, stack(0x000000000b9d0000,0x000000000bad0000)]
  0x000000000aa66800 JavaThread "Finalizer" daemon [_thread_blocked, id=4340, stack(0x000000000be50000,0x000000000bf50000)]
  0x000000000aa5f000 JavaThread "Reference Handler" daemon [_thread_blocked, id=3616, stack(0x000000000bd00000,0x000000000be00000)]

Other Threads:
  0x000000000aa59800 VMThread [stack: 0x000000000bb50000,0x000000000bc50000] [id=744]
  0x000000000c4e0800 WatcherThread [stack: 0x000000000ca80000,0x000000000cb80000] [id=5976]

VM state:not at safepoint (normal execution)

VM Mutex/Monitor currently owned by a thread: None

Heap
 PSYoungGen      total 154112K, used 91507K [0x00000007d5c80000, 0x00000007e9380000, 0x0000000800000000)
  eden space 130048K, 51% used [0x00000007d5c80000,0x00000007d9e61020,0x00000007ddb80000)
  from space 24064K, 99% used [0x00000007ddb80000,0x00000007df2fbf48,0x00000007df300000)
  to   space 29184K, 0% used [0x00000007e7700000,0x00000007e7700000,0x00000007e9380000)
 ParOldGen       total 86016K, used 36425K [0x0000000781600000, 0x0000000786a00000, 0x00000007d5c80000)
  object space 86016K, 42% used [0x0000000781600000,0x00000007839927a0,0x0000000786a00000)
 PSPermGen       total 50176K, used 50075K [0x000000077c400000, 0x000000077f500000, 0x0000000781600000)
  object space 50176K, 99% used [0x000000077c400000,0x000000077f4e6c58,0x000000077f500000)

Card table byte_map: [0x0000000005590000,0x00000000059b0000] byte_map_base: 0x00000000019ae000

Polling page: 0x0000000000220000

Code Cache  [0x0000000002590000, 0x0000000002840000, 0x0000000005590000)
 total_blobs=1576 nmethods=933 adapters=594 free_code_cache=46484Kb largest_free_block=47523456

Compilation events (10 events):
Event: 132.970 Thread 0x000000000aac1800 1045             sun.java2d.pipe.LoopPipe::drawLine (46 bytes)
Event: 132.975 Thread 0x000000000aac1800 nmethod 1045 0x00000000027ccd50 code [0x00000000027ccea0, 0x00000000027ccfa8]
Event: 133.120 Thread 0x000000000aac7000 1047             javax.swing.text.html.StyleSheet$SmallConversionSet::isDefined (38 bytes)
Event: 133.123 Thread 0x000000000aac1800 1048             javax.swing.text.CompositeView::getLeftInset (5 bytes)
Event: 133.124 Thread 0x000000000aac1800 nmethod 1048 0x00000000027cc790 code [0x00000000027cc8c0, 0x00000000027cc918]
Event: 133.128 Thread 0x000000000aac1800 1049             javax.swing.text.StyleContext$SmallAttributeSet::getAttributeCount (8 bytes)
Event: 133.130 Thread 0x000000000aac1800 nmethod 1049 0x00000000027cc550 code [0x00000000027cc680, 0x00000000027cc6f8]
Event: 133.137 Thread 0x000000000aac1800 1050             javax.swing.text.AbstractDocument$AbstractElement::isDefined (11 bytes)
Event: 133.139 Thread 0x000000000aac7000 nmethod 1047 0x0000000002834a50 code [0x0000000002834bc0, 0x0000000002834e28]
Event: 133.157 Thread 0x000000000aac1800 nmethod 1050 0x0000000002834290 code [0x0000000002834400, 0x00000000028346a8]

GC Heap History (10 events):
Event: 2.533 GC heap before
{Heap before GC invocations=3 (full 0):
 PSYoungGen      total 38400K, used 38400K [0x00000007d5c80000, 0x00000007da780000, 0x0000000800000000)
  eden space 33280K, 100% used [0x00000007d5c80000,0x00000007d7d00000,0x00000007d7d00000)
  from space 5120K, 100% used [0x00000007d8200000,0x00000007d8700000,0x00000007d8700000)
  to   space 5120K, 0% used [0x00000007d7d00000,0x00000007d7d00000,0x00000007d8200000)
 ParOldGen       total 86016K, used 11176K [0x0000000781600000, 0x0000000786a00000, 0x00000007d5c80000)
  object space 86016K, 12% used [0x0000000781600000,0x00000007820ea238,0x0000000786a00000)
 PSPermGen       total 25088K, used 24886K [0x000000077c400000, 0x000000077dc80000, 0x0000000781600000)
  object space 25088K, 99% used [0x000000077c400000,0x000000077dc4dbc0,0x000000077dc80000)
Event: 2.542 GC heap after
Heap after GC invocations=3 (full 0):
 PSYoungGen      total 38400K, used 5104K [0x00000007d5c80000, 0x00000007da780000, 0x0000000800000000)
  eden space 33280K, 0% used [0x00000007d5c80000,0x00000007d5c80000,0x00000007d7d00000)
  from space 5120K, 99% used [0x00000007d7d00000,0x00000007d81fc010,0x00000007d8200000)
  to   space 5120K, 0% used [0x00000007da280000,0x00000007da280000,0x00000007da780000)
 ParOldGen       total 86016K, used 13340K [0x0000000781600000, 0x0000000786a00000, 0x00000007d5c80000)
  object space 86016K, 15% used [0x0000000781600000,0x0000000782307038,0x0000000786a00000)
 PSPermGen       total 25088K, used 24886K [0x000000077c400000, 0x000000077dc80000, 0x0000000781600000)
  object space 25088K, 99% used [0x000000077c400000,0x000000077dc4dbc0,0x000000077dc80000)
}
Event: 3.180 GC heap before
{Heap before GC invocations=4 (full 0):
 PSYoungGen      total 38400K, used 38384K [0x00000007d5c80000, 0x00000007da780000, 0x0000000800000000)
  eden space 33280K, 100% used [0x00000007d5c80000,0x00000007d7d00000,0x00000007d7d00000)
  from space 5120K, 99% used [0x00000007d7d00000,0x00000007d81fc010,0x00000007d8200000)
  to   space 5120K, 0% used [0x00000007da280000,0x00000007da280000,0x00000007da780000)
 ParOldGen       total 86016K, used 13340K [0x0000000781600000, 0x0000000786a00000, 0x00000007d5c80000)
  object space 86016K, 15% used [0x0000000781600000,0x0000000782307038,0x0000000786a00000)
 PSPermGen       total 28160K, used 27836K [0x000000077c400000, 0x000000077df80000, 0x0000000781600000)
  object space 28160K, 98% used [0x000000077c400000,0x000000077df2f258,0x000000077df80000)
Event: 3.194 GC heap after
Heap after GC invocations=4 (full 0):
 PSYoungGen      total 71680K, used 5088K [0x00000007d5c80000, 0x00000007da780000, 0x0000000800000000)
  eden space 66560K, 0% used [0x00000007d5c80000,0x00000007d5c80000,0x00000007d9d80000)
  from space 5120K, 99% used [0x00000007da280000,0x00000007da778020,0x00000007da780000)
  to   space 5120K, 0% used [0x00000007d9d80000,0x00000007d9d80000,0x00000007da280000)
 ParOldGen       total 86016K, used 16953K [0x0000000781600000, 0x0000000786a00000, 0x00000007d5c80000)
  object space 86016K, 19% used [0x0000000781600000,0x000000078268e6b8,0x0000000786a00000)
 PSPermGen       total 28160K, used 27836K [0x000000077c400000, 0x000000077df80000, 0x0000000781600000)
  object space 28160K, 98% used [0x000000077c400000,0x000000077df2f258,0x000000077df80000)
}
Event: 5.046 GC heap before
{Heap before GC invocations=5 (full 0):
 PSYoungGen      total 71680K, used 71648K [0x00000007d5c80000, 0x00000007da780000, 0x0000000800000000)
  eden space 66560K, 100% used [0x00000007d5c80000,0x00000007d9d80000,0x00000007d9d80000)
  from space 5120K, 99% used [0x00000007da280000,0x00000007da778020,0x00000007da780000)
  to   space 5120K, 0% used [0x00000007d9d80000,0x00000007d9d80000,0x00000007da280000)
 ParOldGen       total 86016K, used 16953K [0x0000000781600000, 0x0000000786a00000, 0x00000007d5c80000)
  object space 86016K, 19% used [0x0000000781600000,0x000000078268e6b8,0x0000000786a00000)
 PSPermGen       total 38400K, used 38136K [0x000000077c400000, 0x000000077e980000, 0x0000000781600000)
  object space 38400K, 99% used [0x000000077c400000,0x000000077e93e2c0,0x000000077e980000)
Event: 5.085 GC heap after
Heap after GC invocations=5 (full 0):
 PSYoungGen      total 71680K, used 5119K [0x00000007d5c80000, 0x00000007e0780000, 0x0000000800000000)
  eden space 66560K, 0% used [0x00000007d5c80000,0x00000007d5c80000,0x00000007d9d80000)
  from space 5120K, 99% used [0x00000007d9d80000,0x00000007da27fd68,0x00000007da280000)
  to   space 20992K, 0% used [0x00000007df300000,0x00000007df300000,0x00000007e0780000)
 ParOldGen       total 86016K, used 34160K [0x0000000781600000, 0x0000000786a00000, 0x00000007d5c80000)
  object space 86016K, 39% used [0x0000000781600000,0x000000078375c310,0x0000000786a00000)
 PSPermGen       total 38400K, used 38136K [0x000000077c400000, 0x000000077e980000, 0x0000000781600000)
  object space 38400K, 99% used [0x000000077c400000,0x000000077e93e2c0,0x000000077e980000)
}
Event: 13.133 GC heap before
{Heap before GC invocations=6 (full 0):
 PSYoungGen      total 71680K, used 71679K [0x00000007d5c80000, 0x00000007e0780000, 0x0000000800000000)
  eden space 66560K, 100% used [0x00000007d5c80000,0x00000007d9d80000,0x00000007d9d80000)
  from space 5120K, 99% used [0x00000007d9d80000,0x00000007da27fd68,0x00000007da280000)
  to   space 20992K, 0% used [0x00000007df300000,0x00000007df300000,0x00000007e0780000)
 ParOldGen       total 86016K, used 34160K [0x0000000781600000, 0x0000000786a00000, 0x00000007d5c80000)
  object space 86016K, 39% used [0x0000000781600000,0x000000078375c310,0x0000000786a00000)
 PSPermGen       total 41984K, used 41525K [0x000000077c400000, 0x000000077ed00000, 0x0000000781600000)
  object space 41984K, 98% used [0x000000077c400000,0x000000077ec8d5d8,0x000000077ed00000)
Event: 13.152 GC heap after
Heap after GC invocations=6 (full 0):
 PSYoungGen      total 151040K, used 19510K [0x00000007d5c80000, 0x00000007e0d80000, 0x0000000800000000)
  eden space 130048K, 0% used [0x00000007d5c80000,0x00000007d5c80000,0x00000007ddb80000)
  from space 20992K, 92% used [0x00000007df300000,0x00000007e060d9e0,0x00000007e0780000)
  to   space 24064K, 0% used [0x00000007ddb80000,0x00000007ddb80000,0x00000007df300000)
 ParOldGen       total 86016K, used 34168K [0x0000000781600000, 0x0000000786a00000, 0x00000007d5c80000)
  object space 86016K, 39% used [0x0000000781600000,0x000000078375e310,0x0000000786a00000)
 PSPermGen       total 41984K, used 41525K [0x000000077c400000, 0x000000077ed00000, 0x0000000781600000)
  object space 41984K, 98% used [0x000000077c400000,0x000000077ec8d5d8,0x000000077ed00000)
}
Event: 14.292 GC heap before
{Heap before GC invocations=7 (full 0):
 PSYoungGen      total 151040K, used 149558K [0x00000007d5c80000, 0x00000007e0d80000, 0x0000000800000000)
  eden space 130048K, 100% used [0x00000007d5c80000,0x00000007ddb80000,0x00000007ddb80000)
  from space 20992K, 92% used [0x00000007df300000,0x00000007e060d9e0,0x00000007e0780000)
  to   space 24064K, 0% used [0x00000007ddb80000,0x00000007ddb80000,0x00000007df300000)
 ParOldGen       total 86016K, used 34168K [0x0000000781600000, 0x0000000786a00000, 0x00000007d5c80000)
  object space 86016K, 39% used [0x0000000781600000,0x000000078375e310,0x0000000786a00000)
 PSPermGen       total 48640K, used 48213K [0x000000077c400000, 0x000000077f380000, 0x0000000781600000)
  object space 48640K, 99% used [0x000000077c400000,0x000000077f315720,0x000000077f380000)
Event: 14.317 GC heap after
Heap after GC invocations=7 (full 0):
 PSYoungGen      total 154112K, used 24047K [0x00000007d5c80000, 0x00000007e9380000, 0x0000000800000000)
  eden space 130048K, 0% used [0x00000007d5c80000,0x00000007d5c80000,0x00000007ddb80000)
  from space 24064K, 99% used [0x00000007ddb80000,0x00000007df2fbf48,0x00000007df300000)
  to   space 29184K, 0% used [0x00000007e7700000,0x00000007e7700000,0x00000007e9380000)
 ParOldGen       total 86016K, used 36425K [0x0000000781600000, 0x0000000786a00000, 0x00000007d5c80000)
  object space 86016K, 42% used [0x0000000781600000,0x00000007839927a0,0x0000000786a00000)
 PSPermGen       total 48640K, used 48213K [0x000000077c400000, 0x000000077f380000, 0x0000000781600000)
  object space 48640K, 99% used [0x000000077c400000,0x000000077f315720,0x000000077f380000)
}

Deoptimization events (10 events):
Event: 14.613 Thread 0x00000000115cf800 Uncommon trap: reason=unreached action=reinterpret pc=0x0000000002700fc8 method=java.lang.ThreadLocal$ThreadLocalMap.getEntry(Ljava/lang/ThreadLocal;)Ljava/lang/ThreadLocal$ThreadLocalMap$Entry; @ 29
Event: 14.613 Thread 0x00000000115cf800 Uncommon trap: reason=unreached action=reinterpret pc=0x00000000026d7cdc method=java.lang.ThreadLocal$ThreadLocalMap.getEntry(Ljava/lang/ThreadLocal;)Ljava/lang/ThreadLocal$ThreadLocalMap$Entry; @ 29
Event: 14.613 Thread 0x00000000115cf800 Uncommon trap: reason=unreached action=reinterpret pc=0x00000000026d788c method=java.lang.ThreadLocal$ThreadLocalMap.getEntry(Ljava/lang/ThreadLocal;)Ljava/lang/ThreadLocal$ThreadLocalMap$Entry; @ 29
Event: 14.687 Thread 0x00000000115cf800 Uncommon trap: reason=unreached action=reinterpret pc=0x00000000026444ac method=java.lang.ThreadLocal$ThreadLocalMap.getEntry(Ljava/lang/ThreadLocal;)Ljava/lang/ThreadLocal$ThreadLocalMap$Entry; @ 29
Event: 14.733 Thread 0x000000000cfed000 Uncommon trap: reason=unreached action=reinterpret pc=0x000000000279f310 method=javax.swing.RepaintManager.addDirtyRegion0(Ljava/awt/Container;IIII)V @ 94
Event: 39.341 Thread 0x000000000cfed000 Uncommon trap: reason=class_check action=maybe_recompile pc=0x000000000282dcf8 method=sun.java2d.SunGraphics2D.drawLine(IIII)V @ 10
Event: 39.342 Thread 0x000000000cfed000 Uncommon trap: reason=class_check action=maybe_recompile pc=0x000000000282dcf8 method=sun.java2d.SunGraphics2D.drawLine(IIII)V @ 10
Event: 43.482 Thread 0x000000000cfed000 Uncommon trap: reason=class_check action=maybe_recompile pc=0x000000000282dcf8 method=sun.java2d.SunGraphics2D.drawLine(IIII)V @ 10
Event: 122.743 Thread 0x000000000cfed000 Uncommon trap: reason=predicate action=maybe_recompile pc=0x00000000027d43e0 method=java.util.HashMap.putAllForCreate(Ljava/util/Map;)V @ 21
Event: 122.809 Thread 0x000000000cfed000 Uncommon trap: reason=class_check action=maybe_recompile pc=0x000000000282dcf8 method=sun.java2d.SunGraphics2D.drawLine(IIII)V @ 10

Internal exceptions (10 events):
Event: 14.693 Thread 0x00000000115cf800 Threw 0x00000007d71ed428 at C:\re\jdk7u67\1368\hotspot\src\share\vm\prims\jvm.cpp:1244
Event: 14.693 Thread 0x00000000115cf800 Threw 0x00000007d71f7a08 at C:\re\jdk7u67\1368\hotspot\src\share\vm\prims\jvm.cpp:1244
Event: 14.705 Thread 0x0000000010b35000 Threw 0x00000007d65184f8 at C:\re\jdk7u67\1368\hotspot\src\share\vm\prims\jvm.cpp:1244
Event: 14.708 Thread 0x0000000010b35000 Threw 0x00000007d6533340 at C:\re\jdk7u67\1368\hotspot\src\share\vm\prims\jvm.cpp:1244
Event: 14.709 Thread 0x0000000010b35000 Threw 0x00000007d6539568 at C:\re\jdk7u67\1368\hotspot\src\share\vm\prims\jvm.cpp:1244
Event: 14.717 Thread 0x0000000010b35000 Threw 0x00000007d65418d0 at C:\re\jdk7u67\1368\hotspot\src\share\vm\prims\jvm.cpp:1244
Event: 14.718 Thread 0x0000000010b35000 Threw 0x00000007d65443f8 at C:\re\jdk7u67\1368\hotspot\src\share\vm\prims\jvm.cpp:1244
Event: 14.719 Thread 0x0000000010b35000 Threw 0x00000007d654c5f8 at C:\re\jdk7u67\1368\hotspot\src\share\vm\prims\jvm.cpp:1244
Event: 14.720 Thread 0x0000000010b35000 Threw 0x00000007d654e8c0 at C:\re\jdk7u67\1368\hotspot\src\share\vm\prims\jvm.cpp:1244
Event: 14.724 Thread 0x000000000cfed000 Threw 0x00000007d6d5acb0 at C:\re\jdk7u67\1368\hotspot\src\share\vm\prims\jvm.cpp:1248

Events (10 events):
Event: 122.826 Thread 0x000000000aac7000 flushing nmethod 0x00000000026d7a90
Event: 122.850 Executing VM operation: BulkRevokeBias
Event: 122.850 Executing VM operation: BulkRevokeBias done
Event: 122.877 Thread 0x000000000aac7000 flushing nmethod 0x0000000002700d10
Event: 122.926 loading class 0x000000000d007070
Event: 122.926 loading class 0x000000000d007070 done
Event: 123.001 Thread 0x000000000aac7000 flushing nmethod 0x00000000027cc250
Event: 132.718 Executing VM operation: BulkRevokeBias
Event: 132.719 Executing VM operation: BulkRevokeBias done
Event: 133.124 Thread 0x000000000aac1800 flushing nmethod 0x000000000279de50


Dynamic libraries:
0x000000013f080000 - 0x000000013f0b3000 	C:\Program Files\Java\jdk1.7.0_67\bin\javaw.exe
0x0000000076fc0000 - 0x0000000077169000 	C:\Windows\SYSTEM32\ntdll.dll
0x0000000076da0000 - 0x0000000076ebf000 	C:\Windows\system32\kernel32.dll
0x000007fefce80000 - 0x000007fefceec000 	C:\Windows\system32\KERNELBASE.dll
0x000007fefd9f0000 - 0x000007fefdacb000 	C:\Windows\system32\ADVAPI32.dll
0x000007fefdcb0000 - 0x000007fefdd4f000 	C:\Windows\system32\msvcrt.dll
0x000007feff2b0000 - 0x000007feff2cf000 	C:\Windows\SYSTEM32\sechost.dll
0x000007fefd3e0000 - 0x000007fefd50d000 	C:\Windows\system32\RPCRT4.dll
0x0000000076ec0000 - 0x0000000076fba000 	C:\Windows\system32\USER32.dll
0x000007fefd510000 - 0x000007fefd577000 	C:\Windows\system32\GDI32.dll
0x000007fefd710000 - 0x000007fefd71e000 	C:\Windows\system32\LPK.dll
0x000007fefd580000 - 0x000007fefd649000 	C:\Windows\system32\USP10.dll
0x000007fefb300000 - 0x000007fefb4f4000 	C:\Windows\WinSxS\amd64_microsoft.windows.common-controls_6595b64144ccf1df_6.0.7601.17514_none_fa396087175ac9ac\COMCTL32.dll
0x000007fefe200000 - 0x000007fefe271000 	C:\Windows\system32\SHLWAPI.dll
0x000007fefd730000 - 0x000007fefd75e000 	C:\Windows\system32\IMM32.DLL
0x000007fefe280000 - 0x000007fefe389000 	C:\Windows\system32\MSCTF.dll
0x000000006faf0000 - 0x000000006fbc2000 	C:\Program Files\Java\jdk1.7.0_67\jre\bin\msvcr100.dll
0x00000000672c0000 - 0x0000000067a92000 	C:\Program Files\Java\jdk1.7.0_67\jre\bin\server\jvm.dll
0x000007fef5fc0000 - 0x000007fef5fc9000 	C:\Windows\system32\WSOCK32.dll
0x000007fefd390000 - 0x000007fefd3dd000 	C:\Windows\system32\WS2_32.dll
0x000007fefd720000 - 0x000007fefd728000 	C:\Windows\system32\NSI.dll
0x000007fef9320000 - 0x000007fef935b000 	C:\Windows\system32\WINMM.dll
0x0000000077190000 - 0x0000000077197000 	C:\Windows\system32\PSAPI.DLL
0x0000000071d80000 - 0x0000000071d8f000 	C:\Program Files\Java\jdk1.7.0_67\jre\bin\verify.dll
0x0000000071c90000 - 0x0000000071cb8000 	C:\Program Files\Java\jdk1.7.0_67\jre\bin\java.dll
0x0000000071d60000 - 0x0000000071d75000 	C:\Program Files\Java\jdk1.7.0_67\jre\bin\zip.dll
0x0000000071500000 - 0x0000000071519000 	C:\Program Files\Java\jdk1.7.0_67\jre\bin\net.dll
0x000007fefc520000 - 0x000007fefc575000 	C:\Windows\system32\mswsock.dll
0x000007fefc6d0000 - 0x000007fefc6d7000 	C:\Windows\System32\wship6.dll
0x00000000713e0000 - 0x00000000713f1000 	C:\Program Files\Java\jdk1.7.0_67\jre\bin\nio.dll
0x000000006d770000 - 0x000000006d905000 	C:\Program Files\Java\jdk1.7.0_67\jre\bin\awt.dll
0x000007fefdd50000 - 0x000007fefde27000 	C:\Windows\system32\OLEAUT32.dll
0x000007fefd760000 - 0x000007fefd963000 	C:\Windows\system32\ole32.dll
0x000007fef9b10000 - 0x000007fef9b66000 	C:\Windows\system32\uxtheme.dll
0x000007fef9730000 - 0x000007fef9748000 	C:\Windows\system32\dwmapi.dll
0x000007fefcc20000 - 0x000007fefcc2f000 	C:\Windows\system32\CRYPTBASE.dll
0x000007fefe520000 - 0x000007feff2a8000 	C:\Windows\system32\SHELL32.dll
0x000007fefc7a0000 - 0x000007fefc7b7000 	C:\Windows\system32\CRYPTSP.dll
0x000007fefc2f0000 - 0x000007fefc337000 	C:\Windows\system32\rsaenh.dll
0x000007fefd0d0000 - 0x000007fefd0ee000 	C:\Windows\system32\USERENV.dll
0x000007fefcd80000 - 0x000007fefcd8f000 	C:\Windows\system32\profapi.dll
0x000007fefa8a0000 - 0x000007fefa8c7000 	C:\Windows\system32\IPHLPAPI.DLL
0x000007fefa7b0000 - 0x000007fefa7bb000 	C:\Windows\system32\WINNSI.DLL
0x000007fefa5b0000 - 0x000007fefa5c1000 	C:\Windows\system32\dhcpcsvc6.DLL
0x000007fefa590000 - 0x000007fefa5a8000 	C:\Windows\system32\dhcpcsvc.DLL
0x000000006fc60000 - 0x000000006fca7000 	C:\Program Files\Java\jdk1.7.0_67\jre\bin\fontmanager.dll
0x0000000071150000 - 0x0000000071191000 	C:\Program Files\Java\jdk1.7.0_67\jre\bin\t2k.dll
0x0000000073440000 - 0x000000007344b000 	C:\Program Files\Java\jdk1.7.0_67\jre\bin\management.dll
0x0000000071120000 - 0x0000000071144000 	C:\Program Files\Java\jdk1.7.0_67\jre\bin\sunec.dll
0x000007fefb690000 - 0x000007fefb6a5000 	C:\Windows\system32\NLAapi.dll
0x000007fef84b0000 - 0x000007fef84c5000 	C:\Windows\system32\napinsp.dll
0x000007fef8490000 - 0x000007fef84a9000 	C:\Windows\system32\pnrpnsp.dll
0x000007fefc210000 - 0x000007fefc26b000 	C:\Windows\system32\DNSAPI.dll
0x000007fef8480000 - 0x000007fef848b000 	C:\Windows\System32\winrnr.dll
0x000007fef8470000 - 0x000007fef8480000 	C:\Windows\system32\wshbth.dll
0x000007fefbf30000 - 0x000007fefbf37000 	C:\Windows\System32\wshtcpip.dll
0x000007fef7ac0000 - 0x000007fef7ac8000 	C:\Windows\system32\rasadhlp.dll
0x000007fefa5e0000 - 0x000007fefa633000 	C:\Windows\System32\fwpuclnt.dll
0x000007fefe100000 - 0x000007fefe197000 	C:\Windows\system32\COMDLG32.dll
0x000007fef6ee0000 - 0x000007fef6f51000 	C:\Windows\system32\WINSPOOL.DRV
0x0000000070000000 - 0x00000000700a6000 	C:\Windows\system32\spool\DRIVERS\x64\3\KOAYTJ_C.DLL
0x000007fefbe60000 - 0x000007fefbe6c000 	C:\Windows\system32\VERSION.dll
0x0000000050000000 - 0x00000000505f1000 	C:\Windows\system32\spool\DRIVERS\x64\3\KOAYTJ_U.DLL
0x000007fefdad0000 - 0x000007fefdca7000 	C:\Windows\system32\SETUPAPI.dll
0x000007fefd100000 - 0x000007fefd136000 	C:\Windows\system32\CFGMGR32.dll
0x000007fefce60000 - 0x000007fefce7a000 	C:\Windows\system32\DEVOBJ.dll
0x00000000122d0000 - 0x000000001262e000 	C:\Windows\system32\spool\DRIVERS\x64\3\KOAYTJ_R.DLL
0x0000000001d20000 - 0x0000000001d55000 	C:\Windows\system32\spool\DRIVERS\x64\3\KOAYTJ_S.DLL
0x0000000180000000 - 0x00000001800b3000 	C:\Windows\system32\spool\DRIVERS\x64\3\KOAYTJ_O.DLL
0x000007fefd140000 - 0x000007fefd388000 	C:\Windows\system32\WININET.dll
0x000007fefd0f0000 - 0x000007fefd0f4000 	C:\Windows\system32\api-ms-win-downlevel-user32-l1-1-0.dll
0x000007fefcef0000 - 0x000007fefcef4000 	C:\Windows\system32\api-ms-win-downlevel-shlwapi-l1-1-0.dll
0x000007fefcda0000 - 0x000007fefcda4000 	C:\Windows\system32\api-ms-win-downlevel-version-l1-1-0.dll
0x000007fefd0c0000 - 0x000007fefd0c3000 	C:\Windows\system32\api-ms-win-downlevel-normaliz-l1-1-0.dll
0x0000000077180000 - 0x0000000077183000 	C:\Windows\system32\normaliz.DLL
0x000007fefde30000 - 0x000007fefe0f7000 	C:\Windows\system32\iertutil.dll
0x000007fefce50000 - 0x000007fefce55000 	C:\Windows\system32\api-ms-win-downlevel-advapi32-l1-1-0.dll
0x0000000012c30000 - 0x000000001330b000 	C:\Windows\system32\spool\DRIVERS\x64\3\KOAYTJ_D.DLL
0x000007fefb0e0000 - 0x000007fefb0ea000 	C:\Windows\system32\MGMTAPI.DLL
0x000007fef6af0000 - 0x000007fef6afb000 	C:\Windows\system32\snmpapi.dll
0x000007fef6250000 - 0x000007fef6264000 	C:\Windows\system32\wsnmp32.dll
0x000007fefc9d0000 - 0x000007fefc9db000 	C:\Windows\system32\Secur32.dll
0x000007fefcb90000 - 0x000007fefcbb5000 	C:\Windows\system32\SSPICLI.DLL
0x0000000071900000 - 0x000000007196d000 	C:\Windows\system32\spool\DRIVERS\x64\3\KOAYTJ_T.dll
0x000000006fc20000 - 0x000000006fc54000 	C:\Windows\system32\spool\DRIVERS\x64\3\KOAYTJ_Y.DLL
0x00000000022a0000 - 0x00000000022a9000 	C:\Windows\system32\spool\DRIVERS\x64\3\KOAYTJ_G.DLL
0x0000000014770000 - 0x00000000148a3000 	C:\Windows\system32\spool\DRIVERS\x64\3\KOAYTJ_X.DLL
0x000007fefd670000 - 0x000007fefd709000 	C:\Windows\system32\CLBCatQ.DLL
0x000007fef9540000 - 0x000007fef96a1000 	C:\Windows\system32\WindowsCodecs.dll
0x000007fefcbc0000 - 0x000007fefcc17000 	C:\Windows\system32\apphelp.dll
0x000007fef93b0000 - 0x000007fef93db000 	C:\Users\abolt\AppData\Roaming\Dropbox\bin\DropboxExt64.24.dll
0x000007fefb0f0000 - 0x000007fefb215000 	C:\Windows\system32\dbghelp.dll
0x0000000071d90000 - 0x0000000071e63000 	C:\Windows\WinSxS\amd64_microsoft.vc90.crt_1fc8b3b9a1e18e3b_9.0.30729.6161_none_08e61857a83bc251\MSVCP90.dll
0x00000000745d0000 - 0x0000000074673000 	C:\Windows\WinSxS\amd64_microsoft.vc90.crt_1fc8b3b9a1e18e3b_9.0.30729.6161_none_08e61857a83bc251\MSVCR90.dll
0x00000000748a0000 - 0x00000000748b6000 	C:\Program Files\Common Files\TortoiseOverlays\TortoiseOverlays.dll
0x0000000074870000 - 0x0000000074887000 	C:\Program Files\TortoiseSVN\bin\TortoiseStub.dll
0x00000000747f0000 - 0x000000007486d000 	C:\Program Files\TortoiseSVN\bin\TortoiseSVN.dll
0x000007fef4af0000 - 0x000007fef4f61000 	C:\Program Files\TortoiseSVN\bin\libsvn_tsvn.dll
0x00000000747c0000 - 0x00000000747ee000 	C:\Program Files\TortoiseSVN\bin\libapr_tsvn.dll
0x000007fef4a10000 - 0x000007fef4ae4000 	C:\Windows\system32\MSVCR110.dll
0x0000000074540000 - 0x0000000074585000 	C:\Program Files\TortoiseSVN\bin\libaprutil_tsvn.dll
0x000007fefe1a0000 - 0x000007fefe1f2000 	C:\Windows\system32\WLDAP32.dll
0x000007fef8bf0000 - 0x000007fef8c01000 	C:\Program Files\TortoiseSVN\bin\intl3_tsvn.dll
0x000007fef8bd0000 - 0x000007fef8be9000 	C:\Program Files\TortoiseSVN\bin\libsasl.dll
0x000007fefcf40000 - 0x000007fefd0ad000 	C:\Windows\system32\CRYPT32.dll
0x000007fefcd90000 - 0x000007fefcd9f000 	C:\Windows\system32\MSASN1.dll
0x000007fef5310000 - 0x000007fef53b7000 	C:\Windows\system32\MSVCP110.dll
0x000007fef93a0000 - 0x000007fef93a8000 	C:\Windows\system32\IconCodecService.dll
0x000000006fbf0000 - 0x000000006fc1a000 	C:\Program Files\Java\jdk1.7.0_67\jre\bin\dcpr.dll

VM Arguments:
jvm_args: -Dfile.encoding=Cp1252 
java_command: com.rapidminer.gui.RapidMinerGUI
Launcher Type: SUN_STANDARD

Environment Variables:
PATH=C:/Program Files/Java/jre1.8.0_20/bin/server;C:/Program Files/Java/jre1.8.0_20/bin;C:/Program Files/Java/jre1.8.0_20/lib/amd64;C:\ProgramData\Oracle\Java\javapath;C:\Windows\system32;C:\Windows;C:\Windows\System32\Wbem;C:\Windows\System32\WindowsPowerShell\v1.0\;C:\Program Files\MiKTeX 2.9\miktex\bin\x64\;C:\Program Files\TortoiseSVN\bin;C:\Program Files\eclipse;
USERNAME=abolt
OS=Windows_NT
PROCESSOR_IDENTIFIER=Intel64 Family 6 Model 69 Stepping 1, GenuineIntel



---------------  S Y S T E M  ---------------

OS: Windows 7 , 64 bit Build 7601 Service Pack 1

CPU:total 4 (2 cores per cpu, 2 threads per core) family 6 model 69 stepping 1, cmov, cx8, fxsr, mmx, sse, sse2, sse3, ssse3, sse4.1, sse4.2, popcnt, avx, avx2, aes, erms, ht, tsc, tscinvbit

Memory: 4k page, physical 8291696k(4312592k free), swap 16581536k(11381348k free)

vm_info: Java HotSpot(TM) 64-Bit Server VM (24.65-b04) for windows-amd64 JRE (1.7.0_67-b01), built on Jul 25 2014 08:55:00 by "java_re" with unknown MS VC++:1600

time: Thu Feb 12 14:30:07 2015
elapsed time: 133 seconds

